2023-05-07 16:32:11,240 [INFO] Activator:176 - 


2023-05-07 16:32:11,248 [INFO] Activator:177 - !SESSION log4j initialized
2023-05-07 16:32:16,481 [ERROR] LogOutputStream:75 - [STDERR_REDIRECT] 
2023-05-07 16:32:16,952 [INFO] LogOutputStream:77 - [STDOUT_REDIRECT] 
2023-05-07 16:32:18,333 [INFO] LogOutputStream:77 - [STDOUT_REDIRECT] 
2023-05-07 16:32:37,343 [ERROR] LogOutputStream:75 - [STDERR_REDIRECT] SLF4J: Failed to load class "org.slf4j.impl.StaticLoggerBinder".
2023-05-07 16:32:37,346 [ERROR] LogOutputStream:75 - [STDERR_REDIRECT] SLF4J: Defaulting to no-operation (NOP) logger implementation
2023-05-07 16:32:37,346 [ERROR] LogOutputStream:75 - [STDERR_REDIRECT] SLF4J: See http://www.slf4j.org/codes.html#StaticLoggerBinder for further details.
2023-05-07 20:40:38,304 [INFO] McuFinderGlobals:53 - Set McuFinder mode to 2 (CubeIDE integrated)
2023-05-07 20:40:38,480 [INFO] ApplicationProperties:184 - Using Application install path: /Applications/STM32CubeIDE.app/Contents/Eclipse/plugins/com.st.stm32cube.common.mx_6.8.0.202302231600
2023-05-07 20:40:38,493 [INFO] DbMcusXml:78 - Set database path to: /Applications/STM32CubeIDE.app/Contents/Eclipse/plugins/com.st.stm32cube.common.mx_6.8.0.202302231600//db//mcu/
2023-05-07 20:40:38,493 [INFO] ApiDb:274 - Set plugin database path to: /Applications/STM32CubeIDE.app/Contents/Eclipse/plugins/com.st.stm32cube.common.mx_6.8.0.202302231600//db//plugins/boardmanager/
2023-05-07 20:40:38,498 [WARN] ApiDb:259 - Overriding images path with different value:  => /Applications/STM32CubeIDE.app/Contents/Eclipse/plugins/com.st.stm32cube.common.mx_6.8.0.202302231600//db//plugins/mcufinder/images/
2023-05-07 20:40:38,513 [INFO] ApiDb:250 - Set database path to: /Users/jiaxuchee/.stmcufinder/plugins/mcufinder//mcu/
2023-05-07 20:40:38,514 [INFO] DbMcusAds:125 - Set database path to: /Users/jiaxuchee/.stmcufinder/plugins/mcufinder//mcu/
2023-05-07 20:40:39,403 [INFO] CrossReferenceDbSqlite:203 - Set database path to: /Users/jiaxuchee/.stmcufinder/plugins/mcufinder//mcu/cs/
2023-05-07 20:40:39,564 [INFO] RulesReader:64 - Compatibility file has been processed (293 Rules)
2023-05-07 20:40:39,625 [INFO] DbMcusXml:78 - Set database path to: /Applications/STM32CubeIDE.app/Contents/Eclipse/plugins/com.st.stm32cube.common.mx_6.8.0.202302231600//db//mcu/
2023-05-07 20:40:39,625 [INFO] ApiDb:274 - Set plugin database path to: /Applications/STM32CubeIDE.app/Contents/Eclipse/plugins/com.st.stm32cube.common.mx_6.8.0.202302231600//db//plugins/boardmanager/
2023-05-07 20:40:39,625 [INFO] ApiDb:261 - Set plugin images path to: /Applications/STM32CubeIDE.app/Contents/Eclipse/plugins/com.st.stm32cube.common.mx_6.8.0.202302231600//db//plugins/mcufinder/images/
2023-05-07 20:40:39,627 [WARN] DbFile:41 - Overriding database path with different value: /Users/jiaxuchee/.stmcufinder/plugins/mcufinder/ => /Users/jiaxuchee/.stmcufinder/plugins/mcufinder
2023-05-07 20:40:39,627 [INFO] ApiDb:250 - Set database path to: /Users/jiaxuchee/.stmcufinder/plugins/mcufinder//mcu/
2023-05-07 20:40:39,627 [WARN] DbFile:41 - Overriding database path with different value: /Users/jiaxuchee/.stmcufinder/plugins/mcufinder/ => /Users/jiaxuchee/.stmcufinder/plugins/mcufinder
2023-05-07 20:40:39,627 [INFO] DbMcusAds:125 - Set database path to: /Users/jiaxuchee/.stmcufinder/plugins/mcufinder//mcu/
2023-05-07 20:40:39,627 [WARN] DbFile:41 - Overriding database path with different value: /Users/jiaxuchee/.stmcufinder/plugins/mcufinder/ => /Users/jiaxuchee/.stmcufinder/plugins/mcufinder
2023-05-07 20:40:39,627 [WARN] DbFile:41 - Overriding database path with different value: /Users/jiaxuchee/.stmcufinder/plugins/mcufinder/ => /Users/jiaxuchee/.stmcufinder/plugins/mcufinder
2023-05-07 20:40:39,627 [INFO] CrossReferenceDbSqlite:203 - Set database path to: /Users/jiaxuchee/.stmcufinder/plugins/mcufinder//mcu/cs/
2023-05-07 20:40:39,690 [INFO] MainPanel:253 - HeapMemory: 580911104
2023-05-07 20:40:39,796 [INFO] DbMcusXml:78 - Set database path to: /Applications/STM32CubeIDE.app/Contents/Eclipse/plugins/com.st.stm32cube.common.mx_6.8.0.202302231600//db//mcu/
2023-05-07 20:40:39,796 [INFO] ApiDb:274 - Set plugin database path to: /Applications/STM32CubeIDE.app/Contents/Eclipse/plugins/com.st.stm32cube.common.mx_6.8.0.202302231600//db//plugins/boardmanager/
2023-05-07 20:40:39,796 [INFO] ApiDb:261 - Set plugin images path to: /Applications/STM32CubeIDE.app/Contents/Eclipse/plugins/com.st.stm32cube.common.mx_6.8.0.202302231600//db//plugins/mcufinder/images/
2023-05-07 20:40:39,796 [WARN] DbFile:41 - Overriding database path with different value: /Users/jiaxuchee/.stmcufinder/plugins/mcufinder/ => /Users/jiaxuchee/.stmcufinder/plugins/mcufinder
2023-05-07 20:40:39,796 [INFO] ApiDb:250 - Set database path to: /Users/jiaxuchee/.stmcufinder/plugins/mcufinder//mcu/
2023-05-07 20:40:39,797 [WARN] DbFile:41 - Overriding database path with different value: /Users/jiaxuchee/.stmcufinder/plugins/mcufinder/ => /Users/jiaxuchee/.stmcufinder/plugins/mcufinder
2023-05-07 20:40:39,797 [INFO] DbMcusAds:125 - Set database path to: /Users/jiaxuchee/.stmcufinder/plugins/mcufinder//mcu/
2023-05-07 20:40:39,797 [WARN] DbFile:41 - Overriding database path with different value: /Users/jiaxuchee/.stmcufinder/plugins/mcufinder/ => /Users/jiaxuchee/.stmcufinder/plugins/mcufinder
2023-05-07 20:40:39,797 [WARN] DbFile:41 - Overriding database path with different value: /Users/jiaxuchee/.stmcufinder/plugins/mcufinder/ => /Users/jiaxuchee/.stmcufinder/plugins/mcufinder
2023-05-07 20:40:39,797 [INFO] CrossReferenceDbSqlite:203 - Set database path to: /Users/jiaxuchee/.stmcufinder/plugins/mcufinder//mcu/cs/
2023-05-07 20:40:39,814 [INFO] ApplicationProperties:184 - Using Application install path: /Applications/STM32CubeIDE.app/Contents/Eclipse/plugins/com.st.stm32cube.common.mx_6.8.0.202302231600
2023-05-07 20:40:39,815 [INFO] PluginManage:196 - Search for loadable plugins [exclusion list=, ]
2023-05-07 20:40:39,816 [INFO] PluginManage:310 - Check plugin analytics
2023-05-07 20:40:39,980 [INFO] AnalyticsPlugin:253 - Accepted Software Licenses: 
2023-05-07 20:40:39,980 [INFO] AnalyticsPlugin:255 - Accepted CMSIS Pack Licenses: 
2023-05-07 20:40:39,981 [INFO] AnalyticsPlugin:257 - Accepted Firmware Licenses: 
2023-05-07 20:40:39,984 [INFO] PluginManage:359 - Loaded plugin analytics (category:tool,tabindex:-1)
2023-05-07 20:40:39,985 [INFO] PluginManage:310 - Check plugin cadmodel
2023-05-07 20:40:40,532 [INFO] CADModel:105 - Init CAD model plugin
2023-05-07 20:40:40,533 [INFO] PluginManage:359 - Loaded plugin cadmodel (category:power,tabindex:5)
2023-05-07 20:40:40,533 [INFO] PluginManage:310 - Check plugin clock
2023-05-07 20:40:40,546 [INFO] PluginManage:359 - Loaded plugin clock (category:base,tabindex:2)
2023-05-07 20:40:40,546 [INFO] PluginManage:310 - Check plugin ddr
2023-05-07 20:40:40,547 [INFO] PluginManage:359 - Loaded plugin ddr (category:tool,tabindex:6)
2023-05-07 20:40:40,547 [INFO] PluginManage:310 - Check plugin filemanager
2023-05-07 20:40:40,663 [INFO] PluginManage:359 - Loaded plugin filemanager (category:base,tabindex:10)
2023-05-07 20:40:40,663 [INFO] PluginManage:310 - Check plugin ipmanager
2023-05-07 20:40:40,669 [INFO] PluginManage:359 - Loaded plugin ipmanager (category:base,tabindex:5)
2023-05-07 20:40:40,669 [INFO] PluginManage:310 - Check plugin lpbam
2023-05-07 20:40:40,675 [INFO] PluginManage:359 - Loaded plugin lpbam (category:base,tabindex:0)
2023-05-07 20:40:40,675 [INFO] PluginManage:310 - Check plugin pinoutandconfiguration
2023-05-07 20:40:40,703 [INFO] PluginManage:359 - Loaded plugin pinoutandconfiguration (category:base,tabindex:1)
2023-05-07 20:40:40,703 [INFO] PluginManage:310 - Check plugin pinoutconfig
2023-05-07 20:40:40,795 [WARN] SupportedApi:132 - Cannot load RTOS API schema: s4s-elt-must-match.1: The content of 'definitions' must match (annotation?, (simpleType | complexType)?, (unique | key | keyref)*)). A problem was found starting at: attribute.
2023-05-07 20:40:41,010 [INFO] PluginManage:359 - Loaded plugin pinoutconfig (category:base,tabindex:0)
2023-05-07 20:40:41,012 [INFO] PluginManage:310 - Check plugin power
2023-05-07 20:40:41,041 [INFO] PluginManage:359 - Loaded plugin power (category:power,tabindex:4)
2023-05-07 20:40:41,041 [INFO] PluginManage:310 - Check plugin projectmanager
2023-05-07 20:40:41,078 [INFO] PluginManage:359 - Loaded plugin projectmanager (category:projectmanager,tabindex:3)
2023-05-07 20:40:41,079 [INFO] PluginManage:310 - Check plugin thirdparty
2023-05-07 20:40:41,176 [INFO] PluginManage:359 - Loaded plugin thirdparty (category:base,tabindex:-1)
2023-05-07 20:40:41,177 [INFO] PluginManage:310 - Check plugin tools
2023-05-07 20:40:41,180 [INFO] PluginManage:359 - Loaded plugin tools (category:base,tabindex:7)
2023-05-07 20:40:41,180 [INFO] PluginManage:310 - Check plugin tutovideos
2023-05-07 20:40:41,176 [WARN] IntegrityCheckThread:84 - waiting for thirdparty lock release [integrity check]
2023-05-07 20:40:41,181 [INFO] IntegrityCheckThread:86 - entering critical section [integrity check]
2023-05-07 20:40:41,183 [INFO] ThirdPartyUpdaterWithRetryManager:70 - Updater plugin not ready yet. [1/15]
2023-05-07 20:40:41,334 [INFO] PluginManage:359 - Loaded plugin tutovideos (category:base,tabindex:-1)
2023-05-07 20:40:41,334 [INFO] PluginManage:310 - Check plugin updater
2023-05-07 20:40:41,358 [INFO] PluginManage:359 - Loaded plugin updater (category:base,tabindex:12)
2023-05-07 20:40:41,358 [INFO] PluginManage:283 - PluginManage : Loaded plugins [15]
2023-05-07 20:40:41,608 [INFO] PinOutPanel:1499 - setPackage(No Configuration,No Configuration)
2023-05-07 20:40:41,659 [INFO] CADModel:165 - CPN selected for project level
2023-05-07 20:40:41,659 [INFO] CADModel:114 - Register for checkConnection events
2023-05-07 20:40:41,670 [INFO] IPUIPlugin:80 - create IPUIPlugin
2023-05-07 20:40:41,671 [INFO] PluginManager:220 - loadIPPluginJar : add mdma
2023-05-07 20:40:41,675 [INFO] IPUIPlugin:80 - create IPUIPlugin
2023-05-07 20:40:41,675 [INFO] PluginManager:220 - loadIPPluginJar : add freertos
2023-05-07 20:40:41,678 [INFO] IPUIPlugin:80 - create IPUIPlugin
2023-05-07 20:40:41,679 [INFO] PluginManager:220 - loadIPPluginJar : add gic
2023-05-07 20:40:41,685 [INFO] IPUIPlugin:80 - create IPUIPlugin
2023-05-07 20:40:41,685 [INFO] PluginManager:220 - loadIPPluginJar : add adc
2023-05-07 20:40:41,686 [INFO] IPUIPlugin:80 - create IPUIPlugin
2023-05-07 20:40:41,686 [INFO] PluginManager:220 - loadIPPluginJar : add gtzc
2023-05-07 20:40:41,687 [INFO] IPUIPlugin:80 - create IPUIPlugin
2023-05-07 20:40:41,687 [INFO] PluginManager:220 - loadIPPluginJar : add quadspi
2023-05-07 20:40:41,689 [INFO] IPUIPlugin:80 - create IPUIPlugin
2023-05-07 20:40:41,689 [INFO] PluginManager:220 - loadIPPluginJar : add aes
2023-05-07 20:40:41,690 [INFO] IPUIPlugin:80 - create IPUIPlugin
2023-05-07 20:40:41,690 [INFO] PluginManager:220 - loadIPPluginJar : add pdm2pcm
2023-05-07 20:40:41,691 [INFO] IPUIPlugin:80 - create IPUIPlugin
2023-05-07 20:40:41,691 [INFO] PluginManager:220 - loadIPPluginJar : add hash
2023-05-07 20:40:41,692 [INFO] IPUIPlugin:80 - create IPUIPlugin
2023-05-07 20:40:41,693 [INFO] PluginManager:220 - loadIPPluginJar : add tim
2023-05-07 20:40:41,693 [INFO] IPUIPlugin:80 - create IPUIPlugin
2023-05-07 20:40:41,693 [INFO] PluginManager:220 - loadIPPluginJar : add tsc
2023-05-07 20:40:41,696 [INFO] IPUIPlugin:80 - create IPUIPlugin
2023-05-07 20:40:41,696 [INFO] PluginManager:220 - loadIPPluginJar : add ts
2023-05-07 20:40:41,697 [INFO] IPUIPlugin:80 - create IPUIPlugin
2023-05-07 20:40:41,698 [INFO] PluginManager:220 - loadIPPluginJar : add can
2023-05-07 20:40:41,699 [INFO] IPUIPlugin:80 - create IPUIPlugin
2023-05-07 20:40:41,699 [INFO] PluginManager:220 - loadIPPluginJar : add dma3
2023-05-07 20:40:41,700 [INFO] IPUIPlugin:80 - create IPUIPlugin
2023-05-07 20:40:41,700 [INFO] PluginManager:220 - loadIPPluginJar : add dfsdm
2023-05-07 20:40:41,701 [INFO] IPUIPlugin:80 - create IPUIPlugin
2023-05-07 20:40:41,701 [INFO] PluginManager:220 - loadIPPluginJar : add spi
2023-05-07 20:40:41,702 [INFO] IPUIPlugin:80 - create IPUIPlugin
2023-05-07 20:40:41,702 [INFO] PluginManager:220 - loadIPPluginJar : add gfxmmu
2023-05-07 20:40:41,704 [INFO] IPUIPlugin:80 - create IPUIPlugin
2023-05-07 20:40:41,704 [INFO] PluginManager:220 - loadIPPluginJar : add genericplugin
2023-05-07 20:40:41,705 [INFO] IPUIPlugin:80 - create IPUIPlugin
2023-05-07 20:40:41,705 [INFO] PluginManager:220 - loadIPPluginJar : add cryp
2023-05-07 20:40:41,707 [INFO] IPUIPlugin:80 - create IPUIPlugin
2023-05-07 20:40:41,707 [INFO] PluginManager:220 - loadIPPluginJar : add gpio
2023-05-07 20:40:41,708 [INFO] IPUIPlugin:80 - create IPUIPlugin
2023-05-07 20:40:41,708 [INFO] PluginManager:220 - loadIPPluginJar : add comp
2023-05-07 20:40:41,709 [INFO] IPUIPlugin:80 - create IPUIPlugin
2023-05-07 20:40:41,709 [INFO] PluginManager:220 - loadIPPluginJar : add tracer_emb
2023-05-07 20:40:41,710 [INFO] IPUIPlugin:80 - create IPUIPlugin
2023-05-07 20:40:41,710 [INFO] PluginManager:220 - loadIPPluginJar : add openamp
2023-05-07 20:40:41,713 [INFO] IPUIPlugin:80 - create IPUIPlugin
2023-05-07 20:40:41,713 [INFO] PluginManager:220 - loadIPPluginJar : add stm32_wpan
2023-05-07 20:40:41,716 [INFO] IPUIPlugin:80 - create IPUIPlugin
2023-05-07 20:40:41,719 [INFO] PluginManager:220 - loadIPPluginJar : add plateformsettings
2023-05-07 20:40:41,721 [INFO] IPUIPlugin:80 - create IPUIPlugin
2023-05-07 20:40:41,721 [INFO] PluginManager:220 - loadIPPluginJar : add ipddr
2023-05-07 20:40:41,722 [INFO] IPUIPlugin:80 - create IPUIPlugin
2023-05-07 20:40:41,722 [INFO] PluginManager:220 - loadIPPluginJar : add usart
2023-05-07 20:40:41,724 [INFO] IPUIPlugin:80 - create IPUIPlugin
2023-05-07 20:40:41,724 [INFO] PluginManager:220 - loadIPPluginJar : add ltdc
2023-05-07 20:40:41,726 [INFO] IPUIPlugin:80 - create IPUIPlugin
2023-05-07 20:40:41,726 [INFO] PluginManager:220 - loadIPPluginJar : add nvic
2023-05-07 20:40:41,726 [INFO] IPUIPlugin:80 - create IPUIPlugin
2023-05-07 20:40:41,726 [INFO] PluginManager:220 - loadIPPluginJar : add fatfs
2023-05-07 20:40:41,730 [INFO] IPUIPlugin:80 - create IPUIPlugin
2023-05-07 20:40:41,731 [INFO] PluginManager:220 - loadIPPluginJar : add linkedlist
2023-05-07 20:40:41,733 [INFO] IPUIPlugin:80 - create IPUIPlugin
2023-05-07 20:40:41,733 [INFO] PluginManager:220 - loadIPPluginJar : add dma
2023-05-07 20:40:41,735 [INFO] IPUIPlugin:80 - create IPUIPlugin
2023-05-07 20:40:41,735 [INFO] PluginManager:220 - loadIPPluginJar : add fmc
2023-05-07 20:40:41,736 [INFO] IPUIPlugin:80 - create IPUIPlugin
2023-05-07 20:40:41,736 [INFO] PluginManager:220 - loadIPPluginJar : add i2s
2023-05-07 20:40:41,737 [INFO] IPUIPlugin:80 - create IPUIPlugin
2023-05-07 20:40:41,737 [INFO] PluginManager:220 - loadIPPluginJar : add ucpd
2023-05-07 20:40:41,738 [INFO] IPUIPlugin:80 - create IPUIPlugin
2023-05-07 20:40:41,738 [INFO] PluginManager:220 - loadIPPluginJar : add lorawan
2023-05-07 20:40:41,739 [INFO] IPUIPlugin:80 - create IPUIPlugin
2023-05-07 20:40:41,739 [INFO] PluginManager:220 - loadIPPluginJar : add opamp
2023-05-07 20:40:41,741 [INFO] IPUIPlugin:80 - create IPUIPlugin
2023-05-07 20:40:41,741 [INFO] PluginManager:220 - loadIPPluginJar : add i3c
2023-05-07 20:40:41,743 [INFO] IPUIPlugin:80 - create IPUIPlugin
2023-05-07 20:40:41,743 [INFO] PluginManager:220 - loadIPPluginJar : add touchsensing
2023-05-07 20:40:41,745 [INFO] IPUIPlugin:80 - create IPUIPlugin
2023-05-07 20:40:41,745 [INFO] PluginManager:220 - loadIPPluginJar : add i2c
2023-05-07 20:40:41,746 [INFO] IPUIPlugin:80 - create IPUIPlugin
2023-05-07 20:40:41,746 [INFO] PluginManager:220 - loadIPPluginJar : add resmgrutility
2023-05-07 20:40:41,747 [INFO] IPUIPlugin:80 - create IPUIPlugin
2023-05-07 20:40:41,748 [INFO] PluginManager:220 - loadIPPluginJar : add sai
2023-05-07 20:40:41,749 [INFO] IPUIPlugin:80 - create IPUIPlugin
2023-05-07 20:40:41,749 [INFO] PluginManager:220 - loadIPPluginJar : add usbx
2023-05-07 20:40:41,852 [INFO] CADModel:165 - CPN selected for project level
2023-05-07 20:40:41,853 [INFO] CADModel:114 - Register for checkConnection events
2023-05-07 20:40:41,853 [FATAL] Updater:308 - Updater called before beeing initialized
2023-05-07 20:40:41,853 [ERROR] CADModel:125 - Updater not yet initialized, retry later 
2023-05-07 20:40:42,058 [INFO] CADModel:165 - CPN selected for project level
2023-05-07 20:40:42,058 [INFO] CADModel:114 - Register for checkConnection events
2023-05-07 20:40:42,058 [FATAL] Updater:308 - Updater called before beeing initialized
2023-05-07 20:40:42,058 [ERROR] CADModel:125 - Updater not yet initialized, retry later 
2023-05-07 20:40:42,061 [FATAL] Updater:308 - Updater called before beeing initialized
2023-05-07 20:40:42,221 [FATAL] Updater:308 - Updater called before beeing initialized
2023-05-07 20:40:42,228 [INFO] DbMcusAds:53 - JSON generation date=Tue Mar 07 19:50:55 AEDT 2023 (1678179055335)
2023-05-07 20:40:42,229 [FATAL] Updater:308 - Updater called before beeing initialized
2023-05-07 20:40:42,370 [WARN] DetailPanel:346 - Failed to get advertising image, set to default
2023-05-07 20:40:42,479 [FATAL] Updater:308 - Updater called before beeing initialized
2023-05-07 20:40:42,483 [FATAL] Updater:308 - Updater called before beeing initialized
2023-05-07 20:40:42,483 [FATAL] Updater:308 - Updater called before beeing initialized
2023-05-07 20:40:42,483 [WARN] DetailPanel:346 - Failed to get advertising image, set to default
2023-05-07 20:40:42,484 [FATAL] Updater:308 - Updater called before beeing initialized
2023-05-07 20:40:42,556 [ERROR] Updater:1120 - MainUpdater not yet initialized. External WinMGr cannot be set.
2023-05-07 20:40:42,572 [INFO] Updater:1056 - Updater Version found : 6.8.0
2023-05-07 20:40:42,588 [INFO] ApplicationProperties:184 - Using Application install path: /Applications/STM32CubeIDE.app/Contents/Eclipse/plugins/com.st.stm32cube.common.mx_6.8.0.202302231600
2023-05-07 20:40:44,188 [INFO] ThirdPartyUpdaterWithRetryManager:70 - Updater plugin not ready yet. [2/15]
2023-05-07 20:40:44,297 [INFO] MainUpdater:2854 - connection check result : 10
2023-05-07 20:40:44,297 [INFO] MainUpdater:3548 - Updater definition file requires update
2023-05-07 20:40:44,299 [INFO] MainUpdater:283 - Updater Check For Update Now.
2023-05-07 20:40:44,304 [INFO] MicroXplorer:498 - Change Database Version : DB.6.0.80
2023-05-07 20:40:47,197 [WARN] MainUpdater:1187 - Updater busy. Cannot search thirdparties
2023-05-07 20:40:47,199 [INFO] ThirdPartyUpdaterWithRetryManager:96 - Updater plugin is busy. [1/15]
2023-05-07 20:40:49,364 [INFO] ServerAccessManage:473 - Download File updaters.zip
2023-05-07 20:40:49,423 [INFO] FileExtend:240 - Unzip File : updaters.zip
2023-05-07 20:40:49,423 [INFO] FileExtend:255 - Standard Zip Deflate
2023-05-07 20:40:50,203 [WARN] MainUpdater:1187 - Updater busy. Cannot search thirdparties
2023-05-07 20:40:50,204 [INFO] ThirdPartyUpdaterWithRetryManager:96 - Updater plugin is busy. [2/15]
2023-05-07 20:40:50,741 [INFO] ServerAccessManage:473 - Download File PacksControlFlags.xml
2023-05-07 20:40:52,245 [INFO] ServerAccessManage:473 - Download File cubemx.pidx
2023-05-07 20:40:52,351 [INFO] LoadServerUpdatesThread:373 - End of LoadServerUpdate Thread
2023-05-07 20:40:52,520 [INFO] CheckServerUpdateThread:120 - End of CheckServer Thread
2023-05-07 20:40:52,577 [INFO] MainUpdater:2854 - connection check result : 10
2023-05-07 20:40:52,578 [INFO] MainUpdater:2854 - connection check result : 10
2023-05-07 20:40:53,319 [WARN] PackLoader:240 - Cannot read IP mode file for STMicroelectronics.X-CUBE-GNSS1.6.0.0
2023-05-07 20:40:53,405 [WARN] PackLoader:240 - Cannot read IP mode file for STMicroelectronics.X-CUBE-AZRTOS-F4.1.1.0
2023-05-07 20:40:53,466 [WARN] PackLoader:240 - Cannot read IP mode file for STMicroelectronics.X-CUBE-SMBUS.2.1.0
2023-05-07 20:40:53,510 [WARN] PackLoader:240 - Cannot read IP mode file for STMicroelectronics.X-CUBE-AZRTOS-F7.1.1.0
2023-05-07 20:40:53,664 [WARN] PackLoader:240 - Cannot read IP mode file for STMicroelectronics.X-CUBE-MEMS1.9.6.0
2023-05-07 20:40:53,779 [INFO] MicroXplorer:468 - Change Database Path : 
2023-05-07 20:40:53,780 [INFO] MicroXplorer:498 - Change Database Version : DB.6.0.80
2023-05-07 20:40:53,783 [WARN] ThirdParty:871 - waiting for thirdparty lock release [close project]
2023-05-07 20:40:53,901 [WARN] PackLoader:240 - Cannot read IP mode file for STMicroelectronics.X-CUBE-BLE1.6.2.4
2023-05-07 20:40:53,931 [WARN] PackLoader:240 - Cannot read IP mode file for emotas.I-CUBE-CANOPEN.1.1.3
2023-05-07 20:40:53,951 [WARN] PackLoader:240 - Cannot read IP mode file for STMicroelectronics.X-CUBE-BLEMGR.2.0.0
2023-05-07 20:40:53,989 [WARN] ConditionMgr:438 - getConditionDescription Invalid condition id : UX DEVICE CLASS RTOS Condition cause : null
2023-05-07 20:40:53,990 [WARN] ConditionMgr:438 - getConditionDescription Invalid condition id : UX DEVICE CLASS RTOS Condition cause : null
2023-05-07 20:40:53,999 [WARN] PackLoader:240 - Cannot read IP mode file for STMicroelectronics.X-CUBE-AZRTOS-H7.3.1.0
2023-05-07 20:40:54,003 [WARN] ConditionMgr:1039 - genDependencies : Invalid condition id : UX DEVICE CLASS RTOS Condition cause : null
2023-05-07 20:40:54,003 [WARN] ConditionMgr:1039 - genDependencies : Invalid condition id : UX DEVICE CLASS RTOS Condition cause : null
2023-05-07 20:40:54,005 [WARN] ConditionMgr:1039 - genDependencies : Invalid condition id : UX DEVICE CLASS RTOS Condition cause : null
2023-05-07 20:40:54,005 [WARN] ConditionMgr:1039 - genDependencies : Invalid condition id : UX DEVICE CLASS RTOS Condition cause : null
2023-05-07 20:40:54,005 [WARN] ConditionMgr:1039 - genDependencies : Invalid condition id : UX DEVICE CLASS RTOS Condition cause : null
2023-05-07 20:40:54,016 [WARN] PackLoader:240 - Cannot read IP mode file for wolfSSL.I-CUBE-wolfSSL.5.5.4
2023-05-07 20:40:54,021 [WARN] PackLoader:240 - Cannot read IP mode file for STMicroelectronics.X-CUBE-NFC7.1.0.0
2023-05-07 20:40:54,033 [WARN] PackLoader:240 - Cannot read IP mode file for WES.I-CUBE-Cesium.1.3.0
2023-05-07 20:40:54,042 [WARN] PackLoader:240 - Cannot read IP mode file for STMicroelectronics.X-CUBE-SFXS2LP1.4.0.0
2023-05-07 20:40:54,049 [WARN] PackLoader:240 - Cannot read IP mode file for STMicroelectronics.X-CUBE-BLE2.3.3.0
2023-05-07 20:40:54,062 [WARN] PackLoader:240 - Cannot read IP mode file for STMicroelectronics.X-CUBE-TOF1.3.2.0
2023-05-07 20:40:54,096 [WARN] PackLoader:240 - Cannot read IP mode file for STMicroelectronics.X-CUBE-AZRTOS-H7.3.0.0
2023-05-07 20:40:54,104 [WARN] PackLoader:240 - Cannot read IP mode file for STMicroelectronics.X-CUBE-ISPU.1.1.0
2023-05-07 20:40:54,114 [WARN] PackLoader:240 - Cannot read IP mode file for RoweBots.I-CUBE-UNISONRTOS.5.5.0-4
2023-05-07 20:40:54,122 [WARN] PackLoader:240 - Cannot read IP mode file for STMicroelectronics.X-CUBE-FREERTOS.1.0.0
2023-05-07 20:40:54,126 [WARN] PackLoader:240 - Cannot read IP mode file for STMicroelectronics.X-CUBE-FREERTOS.1.0.1
2023-05-07 20:40:54,129 [WARN] PackLoader:240 - Cannot read IP mode file for STMicroelectronics.X-CUBE-TOUCHGFX.4.21.1
2023-05-07 20:40:54,130 [WARN] PackLoader:240 - Cannot read IP mode file for STMicroelectronics.X-CUBE-TOUCHGFX.4.21.3
2023-05-07 20:40:54,134 [WARN] PackLoader:240 - Cannot read IP mode file for STMicroelectronics.X-CUBE-ALGOBUILD.1.3.0
2023-05-07 20:40:54,167 [WARN] PackLoader:240 - Cannot read IP mode file for STMicroelectronics.X-CUBE-AZRTOS-L5.1.1.0
2023-05-07 20:40:54,191 [WARN] PackLoader:240 - Cannot read IP mode file for STMicroelectronics.X-CUBE-AZRTOS-G0.1.1.0
2023-05-07 20:40:54,206 [WARN] PackLoader:240 - Cannot read IP mode file for STMicroelectronics.X-CUBE-SUBG2.5.0.0
2023-05-07 20:40:54,241 [WARN] PackLoader:240 - Cannot read IP mode file for STMicroelectronics.X-CUBE-NFC4.3.0.0
2023-05-07 20:40:54,261 [WARN] PackLoader:240 - Cannot read IP mode file for STMicroelectronics.X-CUBE-AZRTOS-G4.2.0.0
2023-05-07 20:40:54,273 [WARN] PackLoader:240 - Cannot read IP mode file for STMicroelectronics.X-CUBE-TOF1.3.3.0
2023-05-07 20:40:54,283 [WARN] PackLoader:240 - Cannot read IP mode file for STMicroelectronics.FP-ATR-ASTRA1.1.1.1
2023-05-07 20:40:54,293 [WARN] PackLoader:240 - Cannot read IP mode file for STMicroelectronics.X-CUBE-BLEMGR.1.3.0
2023-05-07 20:40:54,314 [WARN] PackLoader:240 - Cannot read IP mode file for STMicroelectronics.X-CUBE-AZRTOS-G4.1.0.0
2023-05-07 20:40:54,318 [WARN] PackLoader:240 - Cannot read IP mode file for STMicroelectronics.FP-ATR-SIGFOX1.3.2.0
2023-05-07 20:40:54,342 [WARN] PackLoader:240 - Cannot read IP mode file for STMicroelectronics.X-CUBE-AZRTOS-L4.1.0.0
2023-05-07 20:40:54,364 [WARN] PackLoader:240 - Cannot read IP mode file for STMicroelectronics.X-CUBE-AZRTOS-WL.1.0.0
2023-05-07 20:40:54,370 [WARN] PackLoader:240 - Cannot read IP mode file for portGmbH.I-Cube-SoM-uGOAL.1.1.0
2023-05-07 20:40:54,372 [WARN] PackLoader:240 - Cannot read IP mode file for STMicroelectronics.X-CUBE-ALS.1.0.1
2023-05-07 20:40:54,421 [WARN] PackLoader:240 - Cannot read IP mode file for STMicroelectronics.X-CUBE-MEMS1.9.5.0
2023-05-07 20:40:54,527 [WARN] PackLoader:240 - Cannot read IP mode file for STMicroelectronics.X-CUBE-AZRTOS-WB.1.1.0
2023-05-07 20:40:54,573 [WARN] PackLoader:240 - Cannot read IP mode file for SEGGER.I-CUBE-embOS.1.3.1
2023-05-07 20:40:54,614 [WARN] PackLoader:240 - Cannot read IP mode file for STMicroelectronics.FP-ATR-ASTRA1.2.0.0
2023-05-07 20:40:54,617 [INFO] ThirdParty:978 - Integrity check success = true
2023-05-07 20:40:54,617 [INFO] IntegrityCheckThread:100 - exiting critical section [integrity check]
2023-05-07 20:40:54,617 [INFO] IntegrityCheckThread:103 - End integrity checks thread
2023-05-07 20:40:54,617 [INFO] ThirdParty:873 - entering critical section [close project]
2023-05-07 20:40:54,619 [INFO] ThirdParty:883 - exiting critical section [close project]
2023-05-07 20:40:54,623 [INFO] PinOutPanel:1499 - setPackage(No Configuration,No Configuration)
2023-05-07 20:40:54,633 [INFO] UtilMem:75 - Begin LoadConfig() Used Memory: 600916144 Bytes (855638016)
2023-05-07 20:40:54,636 [INFO] MicroXplorer:468 - Change Database Path : 
2023-05-07 20:40:54,636 [INFO] MicroXplorer:498 - Change Database Version : DB.6.0.80
2023-05-07 20:40:54,636 [INFO] OpenFileManager:308 - Change cursor
2023-05-07 20:40:54,697 [INFO] Mcu:1937 - Initializing MCU STM32F303V(B-C)Tx STM32F303VCTx STM32F303VCT6
2023-05-07 20:40:56,685 [INFO] Context:659 - Trying to add GPIOservice into a context  which must be forbidden
2023-05-07 20:40:57,595 [INFO] RtosManager:555 - Registered RTOS mode: class=CMSIS, group=RTOS, mode=CMSIS_V1, owner=FREERTOS
2023-05-07 20:40:57,596 [INFO] RtosManager:555 - Registered RTOS mode: class=CMSIS, group=RTOS2, mode=CMSIS_V2, owner=FREERTOS
2023-05-07 20:40:57,596 [INFO] RtosManager:555 - Registered RTOS mode: class=RTOS, group=Core, mode=CMSIS_V1, owner=FREERTOS
2023-05-07 20:40:57,596 [INFO] RtosManager:555 - Registered RTOS mode: class=RTOS, group=Core, mode=CMSIS_V2, owner=FREERTOS
2023-05-07 20:40:57,596 [WARN] ModelIntegratedComponent:184 - Missing modes for component STMicroelectronics:FreeRTOS:0.0.1:STMicroelectronics:RTOS:FreeRTOS:Core:::10.2.0:
2023-05-07 20:40:57,615 [WARN] ModelIntegratedComponent:63 - No mode defined for component null
2023-05-07 20:40:57,615 [WARN] ModelIntegratedComponent:63 - No mode defined for component null
2023-05-07 20:40:57,615 [WARN] ModelIntegratedComponent:63 - No mode defined for component null
2023-05-07 20:40:57,615 [WARN] ModelIntegratedComponent:63 - No mode defined for component null
2023-05-07 20:40:57,615 [WARN] ModelIntegratedComponent:63 - No mode defined for component null
2023-05-07 20:40:57,615 [WARN] ModelIntegratedComponent:63 - No mode defined for component null
2023-05-07 20:40:57,615 [WARN] ModelIntegratedComponent:63 - No mode defined for component null
2023-05-07 20:40:57,615 [WARN] ModelIntegratedComponent:63 - No mode defined for component null
2023-05-07 20:40:57,615 [WARN] ModelIntegratedComponent:63 - No mode defined for component null
2023-05-07 20:40:57,615 [WARN] ModelIntegratedComponent:63 - No mode defined for component null
2023-05-07 20:40:57,615 [WARN] ModelIntegratedComponent:63 - No mode defined for component null
2023-05-07 20:40:57,615 [WARN] ModelIntegratedComponent:63 - No mode defined for component null
2023-05-07 20:40:57,615 [WARN] ModelIntegratedComponent:63 - No mode defined for component null
2023-05-07 20:40:57,615 [WARN] ModelIntegratedComponent:63 - No mode defined for component null
2023-05-07 20:40:57,615 [WARN] ModelIntegratedComponent:63 - No mode defined for component null
2023-05-07 20:40:57,615 [WARN] ModelIntegratedComponent:63 - No mode defined for component null
2023-05-07 20:40:57,615 [WARN] ModelIntegratedComponent:63 - No mode defined for component null
2023-05-07 20:40:57,615 [WARN] ModelIntegratedComponent:63 - No mode defined for component null
2023-05-07 20:40:57,615 [WARN] ModelIntegratedComponent:63 - No mode defined for component null
2023-05-07 20:40:57,615 [WARN] ModelIntegratedComponent:63 - No mode defined for component null
2023-05-07 20:40:57,615 [WARN] ModelIntegratedComponent:63 - No mode defined for component null
2023-05-07 20:40:57,615 [WARN] ModelIntegratedComponent:63 - No mode defined for component null
2023-05-07 20:40:57,615 [WARN] ModelIntegratedComponent:63 - No mode defined for component null
2023-05-07 20:40:57,615 [WARN] ModelIntegratedComponent:63 - No mode defined for component null
2023-05-07 20:40:57,615 [WARN] ModelIntegratedComponent:63 - No mode defined for component null
2023-05-07 20:40:57,615 [WARN] ModelIntegratedComponent:63 - No mode defined for component null
2023-05-07 20:40:57,615 [WARN] ModelIntegratedComponent:63 - No mode defined for component null
2023-05-07 20:40:57,615 [WARN] ModelIntegratedComponent:63 - No mode defined for component null
2023-05-07 20:40:57,615 [WARN] ModelIntegratedComponent:63 - No mode defined for component null
2023-05-07 20:40:57,615 [WARN] ModelIntegratedComponent:63 - No mode defined for component null
2023-05-07 20:40:57,615 [WARN] ModelIntegratedComponent:63 - No mode defined for component null
2023-05-07 20:40:57,615 [WARN] ModelIntegratedComponent:63 - No mode defined for component null
2023-05-07 20:40:57,615 [WARN] ModelIntegratedComponent:63 - No mode defined for component null
2023-05-07 20:40:57,700 [INFO] ThirdPartyModel:298 - Start build external matchings
2023-05-07 20:40:58,014 [INFO] ThirdPartyModel:316 - End build external matchings
2023-05-07 20:40:58,054 [INFO] ImportTextPane:194 - (OptionalMessage_ERROR) IP (RCC) : Invalid parameter (FamilyName)
2023-05-07 20:40:58,056 [INFO] ImportTextPane:194 - (OptionalMessage_ERROR) IP (RCC) : Invalid parameter (TIM2Freq_Value)
2023-05-07 20:40:58,355 [INFO] UtilMem:75 - End LoadConfig() Used Memory: 533379992 Bytes (855638016)
2023-05-07 20:40:59,044 [INFO] ApiDb:581 - Connected to CubeFinder SQLite database (/Users/jiaxuchee/.stmcufinder/plugins/mcufinder/mcu/cube-finder-db.db)
2023-05-07 20:40:59,085 [INFO] ApiDb:668 - CubeFinder database Data Model version=2.1
2023-05-07 20:40:59,085 [INFO] ApiDb:669 - CubeFinder database Configuration version=3.0.35
2023-05-07 20:40:59,086 [INFO] ApiDb:670 - CubeFinder database generation date=2023-04-03 (1680511692)
2023-05-07 20:40:59,087 [INFO] ApiDb:671 - CubeFinder database FW Pack versions=[FP-ATR-ASTRA1_V2.0.0, STM32Cube_FW_C0_V1.0.1, STM32Cube_FW_F0_V1.11.4, STM32Cube_FW_F3_V1.11.4, STM32Cube_FW_F4_V1.27.1, STM32Cube_FW_F7_V1.17.0, STM32Cube_FW_G0_V1.6.1, STM32Cube_FW_G4_V1.5.1, STM32Cube_FW_H5_V0.5.1, STM32Cube_FW_H5_V1.0.0, STM32Cube_FW_H7_V1.11.0, STM32Cube_FW_L0_V1.12.2, STM32Cube_FW_L5_V1.5.0, STM32Cube_FW_U5_V1.2.0, STM32Cube_FW_WBA_V1.0.0, STM32Cube_FW_WBA_V1.0.0RC1, STM32Cube_FW_WBA_V1.0.0RC3, STM32Cube_FW_WB_V1.15.0RC1, STM32Cube_FW_WB_V1.16.0, STM32Cube_FW_WB_V1.16.0RC2, STM32Cube_FW_WL_V1.3.0, X-CUBE-ALGOBUILD_V1.3.0, X-CUBE-ALS_V1.0.1, X-CUBE-AZRTOS-F4_V1.1.0, X-CUBE-AZRTOS-F7_V1.1.0, X-CUBE-AZRTOS-G0_V1.1.0, X-CUBE-AZRTOS-G4_V1.0.0, X-CUBE-AZRTOS-H7_V3.0.0, X-CUBE-AZRTOS-L4_V1.0.0, X-CUBE-AZRTOS-L5_V1.1.0, X-CUBE-AZRTOS-WB_V1.1.0, X-CUBE-AZRTOS-WL_V1.0.0, X-CUBE-BLE1_V6.2.4, X-CUBE-BLE2_V3.3.0, X-CUBE-BLEMGR_V1.3.0, X-CUBE-EEPRMA1_V4.1.0, X-CUBE-FREERTOS_V1.0.1, X-CUBE-GNSS1_V6.0.0, X-CUBE-MEMS1_V9.1.0, X-CUBE-MEMS1_V9.4.0, X-CUBE-MEMS1_V9.5.0, X-CUBE-NFC4_V3.0.0, X-CUBE-NFC7_V1.0.0, X-CUBE-SFXS2LP1_V4.0.0, X-CUBE-SUBG2_V5.0.0]
2023-05-07 20:41:00,111 [INFO] ApiDb:240 - Found 297 in-development CPN: [B-G473E-ZEST1S, B-WB1M-WPAN1, B-WL5M-SUBG1, NUCLEO-C031C6, NUCLEO-H503RB, NUCLEO-H563ZI, NUCLEO-U545RE-Q, NUCLEO-U5A5ZJ-Q, NUCLEO-WBA52CG, STEVAL-PROTEUS1, STEVAL-STWINBX1, STM320518-EVAL, STM32C0116-DK, STM32C011D6Y3TR, STM32C011D6Y6TR, STM32C011F4P3, STM32C011F4P6, STM32C011F4U3, STM32C011F4U6TR, STM32C011F6P3, STM32C011F6P6, STM32C011F6U3, STM32C011F6U6TR, STM32C011J4M3, STM32C011J4M6, STM32C011J6M3, STM32C011J6M6, STM32C0316-DK, STM32C031C4T3, STM32C031C4T6, STM32C031C4U3, STM32C031C4U6, STM32C031C6T3, STM32C031C6T6, STM32C031C6U3, STM32C031C6U6, STM32C031F4P3, STM32C031F4P6, STM32C031F6P3, STM32C031F6P6, STM32C031G4U3, STM32C031G4U6, STM32C031G6U3, STM32C031G6U6, STM32C031K4T3, STM32C031K4T6, STM32C031K4U3, STM32C031K4U6, STM32C031K6T3, STM32C031K6T6, STM32C031K6U3, STM32C031K6U6, STM32G071K8TXN, STM32G071K8UXN, STM32G081GBU6N, STM32G081KBT6N, STM32G081KBUXN, STM32G0B1CCT6N, STM32G0B1KCT6, STM32G0B1NEY6TR, STM32G0B1RCT6N, STM32G0C1CCT6, STM32G0C1CCT6N, STM32G0C1CCU6N, STM32G0C1CET6N, STM32G0C1CEU6N, STM32G0C1KCT6, STM32G0C1NEY6TR, STM32G0C1RCI6N, STM32G0C1RCT6N, STM32G0C1REI6N, STM32G0C1RET6N, STM32G0C1VCI6, STM32G0C1VEI6, STM32G471CCT6, STM32G471CCU6, STM32G471CET3, STM32G471CET6, STM32G471CEU3, STM32G471CEU6, STM32G471MCT6, STM32G471MET3, STM32G471MET6, STM32G471MEY6TR, STM32G471QCT6, STM32G471QET3, STM32G471RCT6, STM32G471RET3, STM32G471RET6, STM32G471VCH6, STM32G471VCI6, STM32G471VCT6, STM32G471VEH3, STM32G471VEH6, STM32G471VEI3, STM32G471VEI6, STM32G471VET3, STM32G471VET6, STM32G474CCT6, STM32H503CBT6, STM32H503CBU6, STM32H503EBY6TR, STM32H503KBU6, STM32H503RBT6, STM32H562AGI6, STM32H562AII6, STM32H562IGK6, STM32H562IGT6, STM32H562IIK6, STM32H562IIT6, STM32H562RGT6, STM32H562RGV6, STM32H562RIT6, STM32H562RIV6, STM32H562VGT6, STM32H562VIT6, STM32H562ZGT6, STM32H562ZIT6, STM32H563AGI6, STM32H563AII3Q, STM32H563AII6, STM32H563IGK6, STM32H563IGT6, STM32H563IIK3Q, STM32H563IIK6, STM32H563IIT3Q, STM32H563IIT6, STM32H563MIY3QTR, STM32H563RGT6, STM32H563RGV6, STM32H563RIT6, STM32H563RIV6, STM32H563VGT6, STM32H563VIT3Q, STM32H563VIT6, STM32H563ZGT6, STM32H563ZIT3Q, STM32H563ZIT6, STM32H573AII3Q, STM32H573AII6, STM32H573I-DK, STM32H573IIK3Q, STM32H573IIK6, STM32H573IIT3Q, STM32H573IIT6, STM32H573MIY3QTR, STM32H573RIT6, STM32H573RIV6, STM32H573VIT3Q, STM32H573VIT6, STM32H573ZIT3Q, STM32H573ZIT6, STM32L4R5QGI6STR, STM32MP131AAE3, STM32MP131AAF3, STM32MP131AAG3, STM32MP131CAE3, STM32MP131CAF3, STM32MP131CAG3, STM32MP131DAE7, STM32MP131DAF7, STM32MP131DAG7, STM32MP131FAE7, STM32MP131FAF7, STM32MP131FAG7, STM32MP133AAE3, STM32MP133AAF3, STM32MP133AAG3, STM32MP133CAE3, STM32MP133CAF3, STM32MP133CAG3, STM32MP133DAE7, STM32MP133DAF7, STM32MP133DAG7, STM32MP133FAE7, STM32MP133FAF7, STM32MP133FAG7, STM32MP135AAE3, STM32MP135AAF3, STM32MP135AAG3, STM32MP135CAE3, STM32MP135CAF3, STM32MP135CAG3, STM32MP135DAE7, STM32MP135DAF7, STM32MP135DAG7, STM32MP135F-DK, STM32MP135FAE7, STM32MP135FAF7, STM32MP135FAF7T, STM32MP135FAF7U, STM32MP135FAG7, STM32U535CBT6, STM32U535CBT6Q, STM32U535CBU6, STM32U535CBU6Q, STM32U535CCT6, STM32U535CCT6Q, STM32U535CCU6, STM32U535CCU6Q, STM32U535CET6, STM32U535CET6Q, STM32U535CEU6, STM32U535CEU6Q, STM32U535JEY6QTR, STM32U535NCY6QTR, STM32U535NEY6QTR, STM32U535RBI6, STM32U535RBI6Q, STM32U535RBT6, STM32U535RBT6Q, STM32U535RCI6, STM32U535RCI6Q, STM32U535RCT6, STM32U535RCT6Q, STM32U535REI6, STM32U535REI6Q, STM32U535RET6, STM32U535RET6Q, STM32U535VCI6, STM32U535VCI6Q, STM32U535VCT6, STM32U535VCT6Q, STM32U535VEI6, STM32U535VEI6Q, STM32U535VET6, STM32U535VET6Q, STM32U545CET6, STM32U545CET6Q, STM32U545CEU6, STM32U545CEU6Q, STM32U545JEY6QTR, STM32U545NEY6QTR, STM32U545REI6, STM32U545REI6Q, STM32U545RET6, STM32U545RET6Q, STM32U545VEI6, STM32U545VEI6Q, STM32U545VET6, STM32U545VET6Q, STM32U595AIH6, STM32U595AIH6Q, STM32U595AJH6, STM32U595AJH6Q, STM32U595QII6, STM32U595QII6Q, STM32U595QJI6, STM32U595QJI6Q, STM32U595RIT6, STM32U595RIT6Q, STM32U595RJT6, STM32U595RJT6Q, STM32U595VIT6, STM32U595VIT6Q, STM32U595VJT6, STM32U595VJT6Q, STM32U595ZIT6, STM32U595ZIT6Q, STM32U595ZIY6QTR, STM32U595ZJT6, STM32U595ZJT6Q, STM32U595ZJY6QTR, STM32U599BJY6QTR, STM32U599NIH6Q, STM32U599NJH6Q, STM32U599VIT6Q, STM32U599VJT6, STM32U599VJT6Q, STM32U599ZIT6Q, STM32U599ZIY6QTR, STM32U599ZJT6Q, STM32U599ZJY6QTR, STM32U5A5AJH6, STM32U5A5AJH6Q, STM32U5A5QJI6, STM32U5A5QJI6Q, STM32U5A5RJT6, STM32U5A5RJT6Q, STM32U5A5VJT6, STM32U5A5VJT6Q, STM32U5A5ZJT6, STM32U5A5ZJT6Q, STM32U5A5ZJY6QTR, STM32U5A9BJY6QTR, STM32U5A9J-DK, STM32U5A9NJH6Q, STM32U5A9VJT6Q, STM32U5A9ZJT6Q, STM32U5A9ZJY6QTR, STM32WB1MMCH6, STM32WBA52CEU6, STM32WBA52CEU6T, STM32WBA52CGU6, STM32WBA52CGU6T, STM32WL5MOCH6, STM32WL5MOCH6TR]
2023-05-07 20:41:00,116 [INFO] DbMcus:216 - Found 3775 MCUs, 3775 are supported
2023-05-07 20:41:00,119 [INFO] ApiDb:423 - Load user favorites file /Users/jiaxuchee/.stm32cubeide/favorites.mcus.txt: 0 item(s)
2023-05-07 20:41:00,122 [INFO] ApiDb:427 - User favorites MCUs=[]
2023-05-07 20:41:00,122 [INFO] DbMcus:222 - Set 0 / 0 favorites MCUs
2023-05-07 20:41:00,456 [WARN] ThirdParty:833 - waiting for thirdparty lock release [change project]
2023-05-07 20:41:00,456 [INFO] ThirdParty:835 - entering critical section [change project]
2023-05-07 20:41:00,457 [INFO] ThirdParty:1030 - CMSIS Pack Vendor :STMicroelectronics X-CUBE-ISPU 1.1.0
2023-05-07 20:41:00,457 [INFO] ThirdParty:1030 - CMSIS Pack Vendor :RoweBots I-CUBE-UNISONRTOS 5.5.0-4
2023-05-07 20:41:00,457 [INFO] ThirdParty:1030 - CMSIS Pack Vendor :STMicroelectronics X-CUBE-GNSS1 6.0.0
2023-05-07 20:41:00,457 [INFO] ThirdParty:1030 - CMSIS Pack Vendor :STMicroelectronics USB_HOST 2.0.0
2023-05-07 20:41:00,457 [INFO] ThirdParty:1030 - CMSIS Pack Vendor :STMicroelectronics X-CUBE-AZRTOS-F4 1.1.0
2023-05-07 20:41:00,457 [INFO] ThirdParty:1030 - CMSIS Pack Vendor :STMicroelectronics LIBJPEG 8.0.0
2023-05-07 20:41:00,457 [INFO] ThirdParty:1030 - CMSIS Pack Vendor :STMicroelectronics X-CUBE-SMBUS 2.1.0
2023-05-07 20:41:00,457 [INFO] ThirdParty:1030 - CMSIS Pack Vendor :STMicroelectronics USB_DEVICE 3.0.0
2023-05-07 20:41:00,457 [INFO] ThirdParty:1030 - CMSIS Pack Vendor :STMicroelectronics X-CUBE-FREERTOS 1.0.0
2023-05-07 20:41:00,457 [INFO] ThirdParty:1030 - CMSIS Pack Vendor :STMicroelectronics X-CUBE-FREERTOS 1.0.1
2023-05-07 20:41:00,457 [INFO] ThirdParty:1030 - CMSIS Pack Vendor :STMicroelectronics X-CUBE-TOUCHGFX 4.21.1
2023-05-07 20:41:00,457 [INFO] ThirdParty:1030 - CMSIS Pack Vendor :STMicroelectronics X-CUBE-TOUCHGFX 4.21.3
2023-05-07 20:41:00,457 [INFO] ThirdParty:1030 - CMSIS Pack Vendor :STMicroelectronics X-CUBE-AZRTOS-F7 1.1.0
2023-05-07 20:41:00,457 [INFO] ThirdParty:1030 - CMSIS Pack Vendor :STMicroelectronics USB_DEVICE 2.0.0
2023-05-07 20:41:00,457 [INFO] ThirdParty:1030 - CMSIS Pack Vendor :STMicroelectronics X-CUBE-MEMS1 9.6.0
2023-05-07 20:41:00,457 [INFO] ThirdParty:1030 - CMSIS Pack Vendor :STMicroelectronics X-CUBE-ALGOBUILD 1.3.0
2023-05-07 20:41:00,457 [INFO] ThirdParty:1030 - CMSIS Pack Vendor :STMicroelectronics X-CUBE-BLE1 6.2.4
2023-05-07 20:41:00,457 [INFO] ThirdParty:1030 - CMSIS Pack Vendor :STMicroelectronics X-CUBE-AZRTOS-L5 1.1.0
2023-05-07 20:41:00,457 [INFO] ThirdParty:1030 - CMSIS Pack Vendor :STMicroelectronics FreeRTOS 0.0.1
2023-05-07 20:41:00,457 [INFO] ThirdParty:1030 - CMSIS Pack Vendor :emotas I-CUBE-CANOPEN 1.1.3
2023-05-07 20:41:00,457 [INFO] ThirdParty:1030 - CMSIS Pack Vendor :STMicroelectronics X-CUBE-AZRTOS-G0 1.1.0
2023-05-07 20:41:00,457 [INFO] ThirdParty:1030 - CMSIS Pack Vendor :STMicroelectronics X-CUBE-BLEMGR 2.0.0
2023-05-07 20:41:00,457 [INFO] ThirdParty:1030 - CMSIS Pack Vendor :STMicroelectronics X-CUBE-SUBG2 5.0.0
2023-05-07 20:41:00,457 [INFO] ThirdParty:1030 - CMSIS Pack Vendor :STMicroelectronics X-CUBE-NFC4 3.0.0
2023-05-07 20:41:00,457 [INFO] ThirdParty:1030 - CMSIS Pack Vendor :STMicroelectronics STM32_WPAN 1.0.0
2023-05-07 20:41:00,457 [INFO] ThirdParty:1030 - CMSIS Pack Vendor :STMicroelectronics lwIP 2.0.3
2023-05-07 20:41:00,457 [INFO] ThirdParty:1030 - CMSIS Pack Vendor :STMicroelectronics USB_HOST 1.0.0
2023-05-07 20:41:00,458 [INFO] ThirdParty:1030 - CMSIS Pack Vendor :STMicroelectronics X-CUBE-AZRTOS-G4 2.0.0
2023-05-07 20:41:00,458 [INFO] ThirdParty:1030 - CMSIS Pack Vendor :STMicroelectronics PDM2PCM 3.1.0
2023-05-07 20:41:00,458 [INFO] ThirdParty:1030 - CMSIS Pack Vendor :STMicroelectronics X-CUBE-AZRTOS-H7 3.1.0
2023-05-07 20:41:00,458 [INFO] ThirdParty:1030 - CMSIS Pack Vendor :STMicroelectronics X-CUBE-TOF1 3.3.0
2023-05-07 20:41:00,458 [INFO] ThirdParty:1030 - CMSIS Pack Vendor :STMicroelectronics FP-ATR-ASTRA1 1.1.1
2023-05-07 20:41:00,458 [INFO] ThirdParty:1030 - CMSIS Pack Vendor :STMicroelectronics PDM2PCM 3.3.0
2023-05-07 20:41:00,458 [INFO] ThirdParty:1030 - CMSIS Pack Vendor :STMicroelectronics X-CUBE-BLEMGR 1.3.0
2023-05-07 20:41:00,458 [INFO] ThirdParty:1030 - CMSIS Pack Vendor :STMicroelectronics X-CUBE-AZRTOS-G4 1.0.0
2023-05-07 20:41:00,458 [INFO] ThirdParty:1030 - CMSIS Pack Vendor :STMicroelectronics FP-ATR-SIGFOX1 3.2.0
2023-05-07 20:41:00,458 [INFO] ThirdParty:1030 - CMSIS Pack Vendor :wolfSSL I-CUBE-wolfSSL 5.5.4
2023-05-07 20:41:00,458 [INFO] ThirdParty:1030 - CMSIS Pack Vendor :STMicroelectronics X-CUBE-AZRTOS-L4 1.0.0
2023-05-07 20:41:00,458 [INFO] ThirdParty:1030 - CMSIS Pack Vendor :STMicroelectronics HAL Drivers 0.0.0
2023-05-07 20:41:00,458 [INFO] ThirdParty:1030 - CMSIS Pack Vendor :STMicroelectronics MBEDTLS 2.16.2
2023-05-07 20:41:00,458 [INFO] ThirdParty:1030 - CMSIS Pack Vendor :STMicroelectronics MBEDTLS 2.14.1
2023-05-07 20:41:00,458 [INFO] ThirdParty:1030 - CMSIS Pack Vendor :STMicroelectronics X-CUBE-NFC7 1.0.0
2023-05-07 20:41:00,458 [INFO] ThirdParty:1030 - CMSIS Pack Vendor :STMicroelectronics X-CUBE-AZRTOS-WL 1.0.0
2023-05-07 20:41:00,458 [INFO] ThirdParty:1030 - CMSIS Pack Vendor :portGmbH I-Cube-SoM-uGOAL 1.1.0
2023-05-07 20:41:00,458 [INFO] ThirdParty:1030 - CMSIS Pack Vendor :STMicroelectronics X-CUBE-ALS 1.0.1
2023-05-07 20:41:00,458 [INFO] ThirdParty:1030 - CMSIS Pack Vendor :STMicroelectronics X-CUBE-MEMS1 9.5.0
2023-05-07 20:41:00,458 [INFO] ThirdParty:1030 - CMSIS Pack Vendor :STMicroelectronics ThreadX 1.0.0
2023-05-07 20:41:00,458 [INFO] ThirdParty:1030 - CMSIS Pack Vendor :STMicroelectronics X-CUBE-AZRTOS-WB 1.1.0
2023-05-07 20:41:00,458 [INFO] ThirdParty:1030 - CMSIS Pack Vendor :SEGGER I-CUBE-embOS 1.3.1
2023-05-07 20:41:00,458 [INFO] ThirdParty:1030 - CMSIS Pack Vendor :STMicroelectronics USB_DEVICE 1.0.0
2023-05-07 20:41:00,458 [INFO] ThirdParty:1030 - CMSIS Pack Vendor :STMicroelectronics ThreadX 0.0.2
2023-05-07 20:41:00,458 [INFO] ThirdParty:1030 - CMSIS Pack Vendor :WES I-CUBE-Cesium 1.3.0
2023-05-07 20:41:00,458 [INFO] ThirdParty:1030 - CMSIS Pack Vendor :STMicroelectronics FP-ATR-ASTRA1 2.0.0
2023-05-07 20:41:00,458 [INFO] ThirdParty:1030 - CMSIS Pack Vendor :STMicroelectronics lwIP 2.1.2
2023-05-07 20:41:00,458 [INFO] ThirdParty:1030 - CMSIS Pack Vendor :STMicroelectronics X-CUBE-SFXS2LP1 4.0.0
2023-05-07 20:41:00,458 [INFO] ThirdParty:1030 - CMSIS Pack Vendor :STMicroelectronics X-CUBE-BLE2 3.3.0
2023-05-07 20:41:00,458 [INFO] ThirdParty:1030 - CMSIS Pack Vendor :STMicroelectronics X-CUBE-TOF1 3.2.0
2023-05-07 20:41:00,458 [INFO] ThirdParty:1030 - CMSIS Pack Vendor :STMicroelectronics PDM2PCM 3.2.0
2023-05-07 20:41:00,459 [INFO] ThirdParty:1030 - CMSIS Pack Vendor :STMicroelectronics X-CUBE-AZRTOS-H7 3.0.0
2023-05-07 20:41:00,459 [INFO] ThirdParty:841 - exiting critical section [change project]
2023-05-07 20:41:01,834 [INFO] PinOutPanel:1499 - setPackage(No Configuration,No Configuration)
2023-05-07 20:41:01,839 [INFO] PinOutPanel:1499 - setPackage(STM32F303VCTx,LQFP100)
2023-05-07 20:41:02,654 [INFO] UtilMem:75 - Before build in PCC Used Memory: 547925224 Bytes (855638016)
2023-05-07 20:41:03,832 [INFO] UtilMem:75 - After build in PCC Used Memory: 508023200 Bytes (855638016)
2023-05-07 20:41:03,891 [INFO] IPUIPlugin:80 - create IPUIPlugin
2023-05-07 20:41:03,894 [INFO] IPUIPlugin:80 - create IPUIPlugin
2023-05-07 20:41:03,894 [INFO] IPUIPlugin:80 - create IPUIPlugin
2023-05-07 20:41:03,894 [INFO] IPUIPlugin:80 - create IPUIPlugin
2023-05-07 20:41:03,894 [INFO] IPUIPlugin:80 - create IPUIPlugin
2023-05-07 20:41:03,894 [INFO] IPUIPlugin:80 - create IPUIPlugin
2023-05-07 20:41:03,898 [INFO] IPUIPlugin:80 - create IPUIPlugin
2023-05-07 20:41:03,900 [INFO] IPUIPlugin:80 - create IPUIPlugin
2023-05-07 20:41:03,902 [INFO] IPUIPlugin:80 - create IPUIPlugin
2023-05-07 20:41:03,903 [INFO] IPUIPlugin:80 - create IPUIPlugin
2023-05-07 20:41:03,903 [INFO] IPUIPlugin:80 - create IPUIPlugin
2023-05-07 20:41:03,903 [INFO] IPUIPlugin:80 - create IPUIPlugin
2023-05-07 20:41:03,904 [INFO] IPUIPlugin:80 - create IPUIPlugin
2023-05-07 20:41:03,904 [INFO] IPUIPlugin:80 - create IPUIPlugin
2023-05-07 20:41:03,904 [INFO] IPUIPlugin:80 - create IPUIPlugin
2023-05-07 20:41:03,907 [INFO] IPUIPlugin:80 - create IPUIPlugin
2023-05-07 20:41:03,907 [INFO] IPUIPlugin:80 - create IPUIPlugin
2023-05-07 20:41:03,907 [INFO] IPUIPlugin:80 - create IPUIPlugin
2023-05-07 20:41:03,908 [INFO] IPUIPlugin:80 - create IPUIPlugin
2023-05-07 20:41:03,908 [INFO] IPUIPlugin:80 - create IPUIPlugin
2023-05-07 20:41:03,908 [INFO] IPUIPlugin:80 - create IPUIPlugin
2023-05-07 20:41:03,908 [INFO] IPUIPlugin:80 - create IPUIPlugin
2023-05-07 20:41:03,908 [INFO] IPUIPlugin:80 - create IPUIPlugin
2023-05-07 20:41:03,908 [INFO] IPUIPlugin:80 - create IPUIPlugin
2023-05-07 20:41:03,908 [INFO] IPUIPlugin:80 - create IPUIPlugin
2023-05-07 20:41:03,910 [INFO] IPUIPlugin:80 - create IPUIPlugin
2023-05-07 20:41:03,910 [INFO] IPUIPlugin:80 - create IPUIPlugin
2023-05-07 20:41:03,910 [INFO] IPUIPlugin:80 - create IPUIPlugin
2023-05-07 20:41:03,910 [INFO] IPUIPlugin:80 - create IPUIPlugin
2023-05-07 20:41:03,911 [INFO] IPUIPlugin:80 - create IPUIPlugin
2023-05-07 20:41:03,911 [INFO] IPUIPlugin:80 - create IPUIPlugin
2023-05-07 20:41:03,911 [INFO] IPUIPlugin:80 - create IPUIPlugin
2023-05-07 20:41:03,911 [INFO] IPUIPlugin:80 - create IPUIPlugin
2023-05-07 20:41:03,911 [INFO] IPUIPlugin:80 - create IPUIPlugin
2023-05-07 20:41:03,911 [INFO] IPUIPlugin:80 - create IPUIPlugin
2023-05-07 20:41:03,911 [INFO] IPUIPlugin:80 - create IPUIPlugin
2023-05-07 20:41:03,911 [INFO] IPUIPlugin:80 - create IPUIPlugin
2023-05-07 20:41:03,911 [INFO] IPUIPlugin:80 - create IPUIPlugin
2023-05-07 20:41:03,911 [INFO] IPUIPlugin:80 - create IPUIPlugin
2023-05-07 20:41:03,911 [INFO] IPUIPlugin:80 - create IPUIPlugin
2023-05-07 20:41:03,911 [INFO] IPUIPlugin:80 - create IPUIPlugin
2023-05-07 20:41:03,911 [INFO] IPUIPlugin:80 - create IPUIPlugin
2023-05-07 20:41:03,911 [INFO] IPUIPlugin:80 - create IPUIPlugin
2023-05-07 20:41:03,911 [INFO] IPUIPlugin:80 - create IPUIPlugin
2023-05-07 20:41:03,912 [INFO] IPUIPlugin:80 - create IPUIPlugin
2023-05-07 20:41:03,912 [INFO] IPUIPlugin:80 - create IPUIPlugin
2023-05-07 20:41:03,912 [INFO] IPUIPlugin:80 - create IPUIPlugin
2023-05-07 20:41:03,912 [INFO] IPUIPlugin:80 - create IPUIPlugin
2023-05-07 20:41:03,912 [INFO] IPUIPlugin:80 - create IPUIPlugin
2023-05-07 20:41:03,912 [INFO] IPUIPlugin:80 - create IPUIPlugin
2023-05-07 20:41:03,913 [INFO] IPUIPlugin:80 - create IPUIPlugin
2023-05-07 20:41:03,913 [INFO] IPUIPlugin:80 - create IPUIPlugin
2023-05-07 20:41:03,913 [INFO] IPUIPlugin:80 - create IPUIPlugin
2023-05-07 20:41:03,913 [INFO] IPUIPlugin:80 - create IPUIPlugin
2023-05-07 20:41:03,913 [INFO] IPUIPlugin:80 - create IPUIPlugin
2023-05-07 20:41:04,473 [INFO] CADModel:165 - CPN selected for project levelSTM32F303VCT6
2023-05-07 20:41:04,475 [INFO] CADModel:114 - Register for checkConnection events
2023-05-07 20:41:04,526 [INFO] OpenFileManager:328 - Restore cursor
2023-05-07 20:41:04,782 [WARN] IP:2113 - lpm_enable not found: check if there is a RefParameter without a condition.
2023-05-07 20:41:04,783 [WARN] IP:2113 - lpm_enable not found: check if there is a RefParameter without a condition.
2023-05-07 20:41:11,411 [INFO] I2cTimingTraitement:330 - 0x2000090E
2023-05-07 20:42:01,235 [INFO] UtilMem:75 - End SaveConfig() Used Memory: 672550672 Bytes (855638016)
2023-05-07 20:42:03,084 [INFO] UtilMem:75 - End SaveConfig() Used Memory: 509091960 Bytes (855638016)
2023-05-07 20:42:05,825 [INFO] UtilMem:75 - End SaveConfig() Used Memory: 517526872 Bytes (855638016)
2023-05-07 20:42:06,670 [INFO] BlockDiagram:2759 - set Specific Code input for plugin: SPI
2023-05-07 20:42:06,671 [INFO] BlockDiagram:2759 - set Specific Code input for plugin: SYS
2023-05-07 20:42:06,671 [INFO] BlockDiagram:2759 - set Specific Code input for plugin: RCC
2023-05-07 20:42:06,671 [INFO] BlockDiagram:2759 - set Specific Code input for plugin: I2C
2023-05-07 20:42:06,672 [INFO] BlockDiagram:2759 - set Specific Code input for plugin: NVIC
2023-05-07 20:42:06,672 [INFO] BlockDiagram:2759 - set Specific Code input for plugin: USB
2023-05-07 20:42:06,672 [INFO] BlockDiagram:2759 - set Specific Code input for plugin: GPIO
2023-05-07 20:42:06,673 [INFO] CodeGenerator:793 - code generatio: config db path: /Applications/STM32CubeIDE.app/Contents/Eclipse/plugins/com.st.stm32cube.common.mx_6.8.0.202302231600//db/
2023-05-07 20:42:06,719 [WARN] IP:2113 - lpm_enable not found: check if there is a RefParameter without a condition.
2023-05-07 20:42:06,941 [INFO] CodeEngine:255 - oldGeneratedFile, /Users/jiaxuchee/Documents/GitHub/Escape-Room/serial_module/MXTmpFiles/license.tmp_save
2023-05-07 20:42:07,329 [INFO] CodeEngine:279 - Generated code: /Users/jiaxuchee/Documents/GitHub/Escape-Room/serial_module/MXTmpFiles/license.tmp
2023-05-07 20:42:07,597 [INFO] CodeEngine:255 - oldGeneratedFile, /Users/jiaxuchee/Documents/GitHub/Escape-Room/serial_module/MXTmpFiles/gpio.tmp_save
2023-05-07 20:42:07,806 [INFO] CodeEngine:279 - Generated code: /Users/jiaxuchee/Documents/GitHub/Escape-Room/serial_module/MXTmpFiles/gpio.tmp
2023-05-07 20:42:08,151 [INFO] CodeEngine:255 - oldGeneratedFile, /Users/jiaxuchee/Documents/GitHub/Escape-Room/serial_module/Core/Src/stm32f3xx_it.c_save
2023-05-07 20:42:08,437 [INFO] CodeEngine:279 - Generated code: /Users/jiaxuchee/Documents/GitHub/Escape-Room/serial_module/Core/Src/stm32f3xx_it.c
2023-05-07 20:42:08,441 [INFO] CodeEngine:255 - oldGeneratedFile, /Users/jiaxuchee/Documents/GitHub/Escape-Room/serial_module/Core/Inc/stm32f3xx_it.h_save
2023-05-07 20:42:08,615 [INFO] CodeEngine:279 - Generated code: /Users/jiaxuchee/Documents/GitHub/Escape-Room/serial_module/Core/Inc/stm32f3xx_it.h
2023-05-07 20:42:08,642 [INFO] CodeEngine:255 - oldGeneratedFile, /Users/jiaxuchee/Documents/GitHub/Escape-Room/serial_module/Core/Src/stm32f3xx_hal_msp.c_save
2023-05-07 20:42:08,813 [INFO] CodeEngine:279 - Generated code: /Users/jiaxuchee/Documents/GitHub/Escape-Room/serial_module/Core/Src/stm32f3xx_hal_msp.c
2023-05-07 20:42:08,818 [INFO] CodeEngine:255 - oldGeneratedFile, /Users/jiaxuchee/Documents/GitHub/Escape-Room/serial_module/MXTmpFiles/system.tmp_save
2023-05-07 20:42:08,891 [INFO] CodeEngine:279 - Generated code: /Users/jiaxuchee/Documents/GitHub/Escape-Room/serial_module/MXTmpFiles/system.tmp
2023-05-07 20:42:08,898 [INFO] CodeEngine:311 - oldGeneratedFile, /Users/jiaxuchee/Documents/GitHub/Escape-Room/serial_module/Core/Inc/stm32f3xx_hal_conf.h_save
2023-05-07 20:42:08,958 [INFO] CodeEngine:335 - Generated code: /Users/jiaxuchee/Documents/GitHub/Escape-Room/serial_module/Core/Inc/stm32f3xx_hal_conf.h
2023-05-07 20:42:09,036 [INFO] CodeEngine:255 - oldGeneratedFile, /Users/jiaxuchee/Documents/GitHub/Escape-Room/serial_module/Core/Inc/main.h_save
2023-05-07 20:42:09,128 [INFO] CodeEngine:279 - Generated code: /Users/jiaxuchee/Documents/GitHub/Escape-Room/serial_module/Core/Inc/main.h
2023-05-07 20:42:09,129 [INFO] CodeEngine:255 - oldGeneratedFile, /Users/jiaxuchee/Documents/GitHub/Escape-Room/serial_module/Core/Src/main.c_save
2023-05-07 20:42:09,282 [INFO] CodeEngine:279 - Generated code: /Users/jiaxuchee/Documents/GitHub/Escape-Room/serial_module/Core/Src/main.c
2023-05-07 20:42:10,012 [INFO] ProjectBuilder:2996 - Time for Copy HAL[1] : 96mS.
2023-05-07 20:42:10,038 [INFO] ProjectBuilder:4304 - Project Generator version: 3.19.2
2023-05-07 20:42:10,431 [INFO] ConfigFileManager:1483 - The Die is : DIE422
2023-05-07 20:42:10,474 [INFO] ApiDbMcu:507 - Load IP Config File for FATFS
2023-05-07 20:42:10,482 [INFO] ApiDbMcu:507 - Load IP Config File for FREERTOS
2023-05-07 20:42:10,517 [INFO] ApiDbMcu:507 - Load IP Config File for TOUCHSENSING
2023-05-07 20:42:10,533 [INFO] ApiDbMcu:507 - Load IP Config File for USB_DEVICE
2023-05-07 20:42:11,508 [INFO] LogOutputStream:77 - [STDOUT_REDIRECT] 
2023-05-07 20:42:12,946 [INFO] ProjectBuilder:4505 - Time for Generating toolchain IDE Files: 2899mS.
2023-05-07 20:42:12,952 [INFO] ProjectBuilder:2867 - Time for Copy CMSIS : 2mS.
2023-05-07 20:42:12,954 [INFO] ProjectBuilder:2867 - Time for Copy CMSIS : 0mS.
2023-05-07 20:42:59,536 [INFO] MainUpdater:2854 - connection check result : 10
2023-05-07 20:42:59,545 [INFO] McuFinderGlobals:66 - Set McuFinderConnectedMode to true
2023-05-07 20:43:00,502 [INFO] ServerAccessManage:473 - Download File mcusAds.json._tmp_
2023-05-07 20:43:00,639 [INFO] LoadUrlFilesThread:156 - End of LoadUrlFiles Thread
2023-05-07 20:43:00,932 [INFO] ServerAccessManage:473 - Download File cube-finder-db.zip
2023-05-07 20:43:05,729 [INFO] FileExtend:240 - Unzip File : cube-finder-db.zip
2023-05-07 20:43:05,736 [INFO] FileExtend:255 - Standard Zip Deflate
2023-05-07 20:43:06,165 [INFO] LoadUrlFilesThread:156 - End of LoadUrlFiles Thread
2023-05-07 20:43:10,967 [INFO] ServerAccessManage:473 - Download File crdb.zip
2023-05-07 20:43:13,423 [INFO] FileExtend:240 - Unzip File : crdb.zip
2023-05-07 20:43:13,428 [INFO] FileExtend:255 - Standard Zip Deflate
2023-05-07 20:43:13,566 [INFO] LoadUrlFilesThread:156 - End of LoadUrlFiles Thread
2023-05-07 20:43:13,838 [INFO] ServerAccessManage:473 - Download File tutoVideoDB.zip
2023-05-07 20:43:13,967 [INFO] FileExtend:240 - Unzip File : tutoVideoDB.zip
2023-05-07 20:43:13,967 [INFO] FileExtend:255 - Standard Zip Deflate
2023-05-07 20:43:14,081 [INFO] LoadUrlFilesThread:156 - End of LoadUrlFiles Thread
2023-05-07 20:43:14,102 [WARN] DbFile:41 - Overriding database path with different value: /Users/jiaxuchee/.stmcufinder/plugins/mcufinder/ => /Users/jiaxuchee/.stmcufinder/plugins/mcufinder
2023-05-07 20:43:15,266 [INFO] ServerAccessManage:473 - Download File api_config.json
2023-05-07 20:43:15,377 [INFO] LoadUrlFilesThread:156 - End of LoadUrlFiles Thread
2023-05-07 20:43:15,388 [INFO] DbMcusAds:53 - JSON generation date=Tue Mar 07 19:50:54 AEDT 2023 (1678179054945)
2023-05-07 20:43:15,400 [INFO] ApiDb:448 - Save user favorites file /Users/jiaxuchee/.stm32cubeide/favorites.mcus.txt: 0 item(s)
2023-05-07 20:43:15,401 [INFO] ApiDb:452 - User favorites MCUs=[]
2023-05-07 20:43:15,410 [INFO] ApiDb:581 - Connected to CubeFinder SQLite database (/Users/jiaxuchee/.stmcufinder/plugins/mcufinder/mcu/cube-finder-db.db)
2023-05-07 20:43:15,461 [INFO] ApiDb:668 - CubeFinder database Data Model version=2.1
2023-05-07 20:43:15,461 [INFO] ApiDb:669 - CubeFinder database Configuration version=3.0.35
2023-05-07 20:43:15,461 [INFO] ApiDb:670 - CubeFinder database generation date=2023-04-03 (1680511692)
2023-05-07 20:43:15,461 [INFO] ApiDb:671 - CubeFinder database FW Pack versions=[FP-ATR-ASTRA1_V2.0.0, STM32Cube_FW_C0_V1.0.1, STM32Cube_FW_F0_V1.11.4, STM32Cube_FW_F3_V1.11.4, STM32Cube_FW_F4_V1.27.1, STM32Cube_FW_F7_V1.17.0, STM32Cube_FW_G0_V1.6.1, STM32Cube_FW_G4_V1.5.1, STM32Cube_FW_H5_V0.5.1, STM32Cube_FW_H5_V1.0.0, STM32Cube_FW_H7_V1.11.0, STM32Cube_FW_L0_V1.12.2, STM32Cube_FW_L5_V1.5.0, STM32Cube_FW_U5_V1.2.0, STM32Cube_FW_WBA_V1.0.0, STM32Cube_FW_WBA_V1.0.0RC1, STM32Cube_FW_WBA_V1.0.0RC3, STM32Cube_FW_WB_V1.15.0RC1, STM32Cube_FW_WB_V1.16.0, STM32Cube_FW_WB_V1.16.0RC2, STM32Cube_FW_WL_V1.3.0, X-CUBE-ALGOBUILD_V1.3.0, X-CUBE-ALS_V1.0.1, X-CUBE-AZRTOS-F4_V1.1.0, X-CUBE-AZRTOS-F7_V1.1.0, X-CUBE-AZRTOS-G0_V1.1.0, X-CUBE-AZRTOS-G4_V1.0.0, X-CUBE-AZRTOS-H7_V3.0.0, X-CUBE-AZRTOS-L4_V1.0.0, X-CUBE-AZRTOS-L5_V1.1.0, X-CUBE-AZRTOS-WB_V1.1.0, X-CUBE-AZRTOS-WL_V1.0.0, X-CUBE-BLE1_V6.2.4, X-CUBE-BLE2_V3.3.0, X-CUBE-BLEMGR_V1.3.0, X-CUBE-EEPRMA1_V4.1.0, X-CUBE-FREERTOS_V1.0.1, X-CUBE-GNSS1_V6.0.0, X-CUBE-MEMS1_V9.1.0, X-CUBE-MEMS1_V9.4.0, X-CUBE-MEMS1_V9.5.0, X-CUBE-NFC4_V3.0.0, X-CUBE-NFC7_V1.0.0, X-CUBE-SFXS2LP1_V4.0.0, X-CUBE-SUBG2_V5.0.0]
2023-05-07 20:43:16,428 [INFO] ApiDb:240 - Found 297 in-development CPN: [B-G473E-ZEST1S, B-WB1M-WPAN1, B-WL5M-SUBG1, NUCLEO-C031C6, NUCLEO-H503RB, NUCLEO-H563ZI, NUCLEO-U545RE-Q, NUCLEO-U5A5ZJ-Q, NUCLEO-WBA52CG, STEVAL-PROTEUS1, STEVAL-STWINBX1, STM320518-EVAL, STM32C0116-DK, STM32C011D6Y3TR, STM32C011D6Y6TR, STM32C011F4P3, STM32C011F4P6, STM32C011F4U3, STM32C011F4U6TR, STM32C011F6P3, STM32C011F6P6, STM32C011F6U3, STM32C011F6U6TR, STM32C011J4M3, STM32C011J4M6, STM32C011J6M3, STM32C011J6M6, STM32C0316-DK, STM32C031C4T3, STM32C031C4T6, STM32C031C4U3, STM32C031C4U6, STM32C031C6T3, STM32C031C6T6, STM32C031C6U3, STM32C031C6U6, STM32C031F4P3, STM32C031F4P6, STM32C031F6P3, STM32C031F6P6, STM32C031G4U3, STM32C031G4U6, STM32C031G6U3, STM32C031G6U6, STM32C031K4T3, STM32C031K4T6, STM32C031K4U3, STM32C031K4U6, STM32C031K6T3, STM32C031K6T6, STM32C031K6U3, STM32C031K6U6, STM32G071K8TXN, STM32G071K8UXN, STM32G081GBU6N, STM32G081KBT6N, STM32G081KBUXN, STM32G0B1CCT6N, STM32G0B1KCT6, STM32G0B1NEY6TR, STM32G0B1RCT6N, STM32G0C1CCT6, STM32G0C1CCT6N, STM32G0C1CCU6N, STM32G0C1CET6N, STM32G0C1CEU6N, STM32G0C1KCT6, STM32G0C1NEY6TR, STM32G0C1RCI6N, STM32G0C1RCT6N, STM32G0C1REI6N, STM32G0C1RET6N, STM32G0C1VCI6, STM32G0C1VEI6, STM32G471CCT6, STM32G471CCU6, STM32G471CET3, STM32G471CET6, STM32G471CEU3, STM32G471CEU6, STM32G471MCT6, STM32G471MET3, STM32G471MET6, STM32G471MEY6TR, STM32G471QCT6, STM32G471QET3, STM32G471RCT6, STM32G471RET3, STM32G471RET6, STM32G471VCH6, STM32G471VCI6, STM32G471VCT6, STM32G471VEH3, STM32G471VEH6, STM32G471VEI3, STM32G471VEI6, STM32G471VET3, STM32G471VET6, STM32G474CCT6, STM32H503CBT6, STM32H503CBU6, STM32H503EBY6TR, STM32H503KBU6, STM32H503RBT6, STM32H562AGI6, STM32H562AII6, STM32H562IGK6, STM32H562IGT6, STM32H562IIK6, STM32H562IIT6, STM32H562RGT6, STM32H562RGV6, STM32H562RIT6, STM32H562RIV6, STM32H562VGT6, STM32H562VIT6, STM32H562ZGT6, STM32H562ZIT6, STM32H563AGI6, STM32H563AII3Q, STM32H563AII6, STM32H563IGK6, STM32H563IGT6, STM32H563IIK3Q, STM32H563IIK6, STM32H563IIT3Q, STM32H563IIT6, STM32H563MIY3QTR, STM32H563RGT6, STM32H563RGV6, STM32H563RIT6, STM32H563RIV6, STM32H563VGT6, STM32H563VIT3Q, STM32H563VIT6, STM32H563ZGT6, STM32H563ZIT3Q, STM32H563ZIT6, STM32H573AII3Q, STM32H573AII6, STM32H573I-DK, STM32H573IIK3Q, STM32H573IIK6, STM32H573IIT3Q, STM32H573IIT6, STM32H573MIY3QTR, STM32H573RIT6, STM32H573RIV6, STM32H573VIT3Q, STM32H573VIT6, STM32H573ZIT3Q, STM32H573ZIT6, STM32L4R5QGI6STR, STM32MP131AAE3, STM32MP131AAF3, STM32MP131AAG3, STM32MP131CAE3, STM32MP131CAF3, STM32MP131CAG3, STM32MP131DAE7, STM32MP131DAF7, STM32MP131DAG7, STM32MP131FAE7, STM32MP131FAF7, STM32MP131FAG7, STM32MP133AAE3, STM32MP133AAF3, STM32MP133AAG3, STM32MP133CAE3, STM32MP133CAF3, STM32MP133CAG3, STM32MP133DAE7, STM32MP133DAF7, STM32MP133DAG7, STM32MP133FAE7, STM32MP133FAF7, STM32MP133FAG7, STM32MP135AAE3, STM32MP135AAF3, STM32MP135AAG3, STM32MP135CAE3, STM32MP135CAF3, STM32MP135CAG3, STM32MP135DAE7, STM32MP135DAF7, STM32MP135DAG7, STM32MP135F-DK, STM32MP135FAE7, STM32MP135FAF7, STM32MP135FAF7T, STM32MP135FAF7U, STM32MP135FAG7, STM32U535CBT6, STM32U535CBT6Q, STM32U535CBU6, STM32U535CBU6Q, STM32U535CCT6, STM32U535CCT6Q, STM32U535CCU6, STM32U535CCU6Q, STM32U535CET6, STM32U535CET6Q, STM32U535CEU6, STM32U535CEU6Q, STM32U535JEY6QTR, STM32U535NCY6QTR, STM32U535NEY6QTR, STM32U535RBI6, STM32U535RBI6Q, STM32U535RBT6, STM32U535RBT6Q, STM32U535RCI6, STM32U535RCI6Q, STM32U535RCT6, STM32U535RCT6Q, STM32U535REI6, STM32U535REI6Q, STM32U535RET6, STM32U535RET6Q, STM32U535VCI6, STM32U535VCI6Q, STM32U535VCT6, STM32U535VCT6Q, STM32U535VEI6, STM32U535VEI6Q, STM32U535VET6, STM32U535VET6Q, STM32U545CET6, STM32U545CET6Q, STM32U545CEU6, STM32U545CEU6Q, STM32U545JEY6QTR, STM32U545NEY6QTR, STM32U545REI6, STM32U545REI6Q, STM32U545RET6, STM32U545RET6Q, STM32U545VEI6, STM32U545VEI6Q, STM32U545VET6, STM32U545VET6Q, STM32U595AIH6, STM32U595AIH6Q, STM32U595AJH6, STM32U595AJH6Q, STM32U595QII6, STM32U595QII6Q, STM32U595QJI6, STM32U595QJI6Q, STM32U595RIT6, STM32U595RIT6Q, STM32U595RJT6, STM32U595RJT6Q, STM32U595VIT6, STM32U595VIT6Q, STM32U595VJT6, STM32U595VJT6Q, STM32U595ZIT6, STM32U595ZIT6Q, STM32U595ZIY6QTR, STM32U595ZJT6, STM32U595ZJT6Q, STM32U595ZJY6QTR, STM32U599BJY6QTR, STM32U599NIH6Q, STM32U599NJH6Q, STM32U599VIT6Q, STM32U599VJT6, STM32U599VJT6Q, STM32U599ZIT6Q, STM32U599ZIY6QTR, STM32U599ZJT6Q, STM32U599ZJY6QTR, STM32U5A5AJH6, STM32U5A5AJH6Q, STM32U5A5QJI6, STM32U5A5QJI6Q, STM32U5A5RJT6, STM32U5A5RJT6Q, STM32U5A5VJT6, STM32U5A5VJT6Q, STM32U5A5ZJT6, STM32U5A5ZJT6Q, STM32U5A5ZJY6QTR, STM32U5A9BJY6QTR, STM32U5A9J-DK, STM32U5A9NJH6Q, STM32U5A9VJT6Q, STM32U5A9ZJT6Q, STM32U5A9ZJY6QTR, STM32WB1MMCH6, STM32WBA52CEU6, STM32WBA52CEU6T, STM32WBA52CGU6, STM32WBA52CGU6T, STM32WL5MOCH6, STM32WL5MOCH6TR]
2023-05-07 20:43:16,434 [INFO] DbMcus:216 - Found 3775 MCUs, 3775 are supported
2023-05-07 20:43:16,435 [INFO] ApiDb:423 - Load user favorites file /Users/jiaxuchee/.stm32cubeide/favorites.mcus.txt: 0 item(s)
2023-05-07 20:43:16,435 [INFO] ApiDb:427 - User favorites MCUs=[]
2023-05-07 20:43:16,438 [INFO] DbMcus:222 - Set 0 / 0 favorites MCUs
2023-05-07 20:43:16,653 [INFO] LoadUrlFilesThread:185 - End of LoadServerUrlFiles without Thread
2023-05-07 20:43:16,653 [INFO] TargetSelectorAdapter:259 - Refresh data is successful
2023-05-07 20:43:16,656 [INFO] ApiDb:668 - CubeFinder database Data Model version=2.1
2023-05-07 20:43:16,656 [INFO] ApiDb:669 - CubeFinder database Configuration version=3.0.35
2023-05-07 20:43:16,656 [INFO] ApiDb:670 - CubeFinder database generation date=2023-04-03 (1680511692)
2023-05-07 20:43:16,656 [INFO] ApiDb:671 - CubeFinder database FW Pack versions=[FP-ATR-ASTRA1_V2.0.0, STM32Cube_FW_C0_V1.0.1, STM32Cube_FW_F0_V1.11.4, STM32Cube_FW_F3_V1.11.4, STM32Cube_FW_F4_V1.27.1, STM32Cube_FW_F7_V1.17.0, STM32Cube_FW_G0_V1.6.1, STM32Cube_FW_G4_V1.5.1, STM32Cube_FW_H5_V0.5.1, STM32Cube_FW_H5_V1.0.0, STM32Cube_FW_H7_V1.11.0, STM32Cube_FW_L0_V1.12.2, STM32Cube_FW_L5_V1.5.0, STM32Cube_FW_U5_V1.2.0, STM32Cube_FW_WBA_V1.0.0, STM32Cube_FW_WBA_V1.0.0RC1, STM32Cube_FW_WBA_V1.0.0RC3, STM32Cube_FW_WB_V1.15.0RC1, STM32Cube_FW_WB_V1.16.0, STM32Cube_FW_WB_V1.16.0RC2, STM32Cube_FW_WL_V1.3.0, X-CUBE-ALGOBUILD_V1.3.0, X-CUBE-ALS_V1.0.1, X-CUBE-AZRTOS-F4_V1.1.0, X-CUBE-AZRTOS-F7_V1.1.0, X-CUBE-AZRTOS-G0_V1.1.0, X-CUBE-AZRTOS-G4_V1.0.0, X-CUBE-AZRTOS-H7_V3.0.0, X-CUBE-AZRTOS-L4_V1.0.0, X-CUBE-AZRTOS-L5_V1.1.0, X-CUBE-AZRTOS-WB_V1.1.0, X-CUBE-AZRTOS-WL_V1.0.0, X-CUBE-BLE1_V6.2.4, X-CUBE-BLE2_V3.3.0, X-CUBE-BLEMGR_V1.3.0, X-CUBE-EEPRMA1_V4.1.0, X-CUBE-FREERTOS_V1.0.1, X-CUBE-GNSS1_V6.0.0, X-CUBE-MEMS1_V9.1.0, X-CUBE-MEMS1_V9.4.0, X-CUBE-MEMS1_V9.5.0, X-CUBE-NFC4_V3.0.0, X-CUBE-NFC7_V1.0.0, X-CUBE-SFXS2LP1_V4.0.0, X-CUBE-SUBG2_V5.0.0]
2023-05-07 20:43:16,698 [INFO] DbBoardsSqlite:226 - include board P-NUCLEO-WB55-NUCLEO as a kit item of type 'Nucleo-64'
2023-05-07 20:43:16,698 [INFO] DbBoardsSqlite:226 - include board P-NUCLEO-WB55-USBDONGLE as a kit item of type 'Nucleo USB Dongle'
2023-05-07 20:43:16,698 [INFO] DbBoardsSqlite:226 - include board STEVAL-IDP005V1 as a kit item of type 'Evaluation Board'
2023-05-07 20:43:16,699 [INFO] DbBoardsSqlite:226 - include board STEVAL-IDP005V2 as a kit item of type 'Evaluation Board'
2023-05-07 20:43:16,718 [INFO] ApiDb:240 - Found 297 in-development CPN: [B-G473E-ZEST1S, B-WB1M-WPAN1, B-WL5M-SUBG1, NUCLEO-C031C6, NUCLEO-H503RB, NUCLEO-H563ZI, NUCLEO-U545RE-Q, NUCLEO-U5A5ZJ-Q, NUCLEO-WBA52CG, STEVAL-PROTEUS1, STEVAL-STWINBX1, STM320518-EVAL, STM32C0116-DK, STM32C011D6Y3TR, STM32C011D6Y6TR, STM32C011F4P3, STM32C011F4P6, STM32C011F4U3, STM32C011F4U6TR, STM32C011F6P3, STM32C011F6P6, STM32C011F6U3, STM32C011F6U6TR, STM32C011J4M3, STM32C011J4M6, STM32C011J6M3, STM32C011J6M6, STM32C0316-DK, STM32C031C4T3, STM32C031C4T6, STM32C031C4U3, STM32C031C4U6, STM32C031C6T3, STM32C031C6T6, STM32C031C6U3, STM32C031C6U6, STM32C031F4P3, STM32C031F4P6, STM32C031F6P3, STM32C031F6P6, STM32C031G4U3, STM32C031G4U6, STM32C031G6U3, STM32C031G6U6, STM32C031K4T3, STM32C031K4T6, STM32C031K4U3, STM32C031K4U6, STM32C031K6T3, STM32C031K6T6, STM32C031K6U3, STM32C031K6U6, STM32G071K8TXN, STM32G071K8UXN, STM32G081GBU6N, STM32G081KBT6N, STM32G081KBUXN, STM32G0B1CCT6N, STM32G0B1KCT6, STM32G0B1NEY6TR, STM32G0B1RCT6N, STM32G0C1CCT6, STM32G0C1CCT6N, STM32G0C1CCU6N, STM32G0C1CET6N, STM32G0C1CEU6N, STM32G0C1KCT6, STM32G0C1NEY6TR, STM32G0C1RCI6N, STM32G0C1RCT6N, STM32G0C1REI6N, STM32G0C1RET6N, STM32G0C1VCI6, STM32G0C1VEI6, STM32G471CCT6, STM32G471CCU6, STM32G471CET3, STM32G471CET6, STM32G471CEU3, STM32G471CEU6, STM32G471MCT6, STM32G471MET3, STM32G471MET6, STM32G471MEY6TR, STM32G471QCT6, STM32G471QET3, STM32G471RCT6, STM32G471RET3, STM32G471RET6, STM32G471VCH6, STM32G471VCI6, STM32G471VCT6, STM32G471VEH3, STM32G471VEH6, STM32G471VEI3, STM32G471VEI6, STM32G471VET3, STM32G471VET6, STM32G474CCT6, STM32H503CBT6, STM32H503CBU6, STM32H503EBY6TR, STM32H503KBU6, STM32H503RBT6, STM32H562AGI6, STM32H562AII6, STM32H562IGK6, STM32H562IGT6, STM32H562IIK6, STM32H562IIT6, STM32H562RGT6, STM32H562RGV6, STM32H562RIT6, STM32H562RIV6, STM32H562VGT6, STM32H562VIT6, STM32H562ZGT6, STM32H562ZIT6, STM32H563AGI6, STM32H563AII3Q, STM32H563AII6, STM32H563IGK6, STM32H563IGT6, STM32H563IIK3Q, STM32H563IIK6, STM32H563IIT3Q, STM32H563IIT6, STM32H563MIY3QTR, STM32H563RGT6, STM32H563RGV6, STM32H563RIT6, STM32H563RIV6, STM32H563VGT6, STM32H563VIT3Q, STM32H563VIT6, STM32H563ZGT6, STM32H563ZIT3Q, STM32H563ZIT6, STM32H573AII3Q, STM32H573AII6, STM32H573I-DK, STM32H573IIK3Q, STM32H573IIK6, STM32H573IIT3Q, STM32H573IIT6, STM32H573MIY3QTR, STM32H573RIT6, STM32H573RIV6, STM32H573VIT3Q, STM32H573VIT6, STM32H573ZIT3Q, STM32H573ZIT6, STM32L4R5QGI6STR, STM32MP131AAE3, STM32MP131AAF3, STM32MP131AAG3, STM32MP131CAE3, STM32MP131CAF3, STM32MP131CAG3, STM32MP131DAE7, STM32MP131DAF7, STM32MP131DAG7, STM32MP131FAE7, STM32MP131FAF7, STM32MP131FAG7, STM32MP133AAE3, STM32MP133AAF3, STM32MP133AAG3, STM32MP133CAE3, STM32MP133CAF3, STM32MP133CAG3, STM32MP133DAE7, STM32MP133DAF7, STM32MP133DAG7, STM32MP133FAE7, STM32MP133FAF7, STM32MP133FAG7, STM32MP135AAE3, STM32MP135AAF3, STM32MP135AAG3, STM32MP135CAE3, STM32MP135CAF3, STM32MP135CAG3, STM32MP135DAE7, STM32MP135DAF7, STM32MP135DAG7, STM32MP135F-DK, STM32MP135FAE7, STM32MP135FAF7, STM32MP135FAF7T, STM32MP135FAF7U, STM32MP135FAG7, STM32U535CBT6, STM32U535CBT6Q, STM32U535CBU6, STM32U535CBU6Q, STM32U535CCT6, STM32U535CCT6Q, STM32U535CCU6, STM32U535CCU6Q, STM32U535CET6, STM32U535CET6Q, STM32U535CEU6, STM32U535CEU6Q, STM32U535JEY6QTR, STM32U535NCY6QTR, STM32U535NEY6QTR, STM32U535RBI6, STM32U535RBI6Q, STM32U535RBT6, STM32U535RBT6Q, STM32U535RCI6, STM32U535RCI6Q, STM32U535RCT6, STM32U535RCT6Q, STM32U535REI6, STM32U535REI6Q, STM32U535RET6, STM32U535RET6Q, STM32U535VCI6, STM32U535VCI6Q, STM32U535VCT6, STM32U535VCT6Q, STM32U535VEI6, STM32U535VEI6Q, STM32U535VET6, STM32U535VET6Q, STM32U545CET6, STM32U545CET6Q, STM32U545CEU6, STM32U545CEU6Q, STM32U545JEY6QTR, STM32U545NEY6QTR, STM32U545REI6, STM32U545REI6Q, STM32U545RET6, STM32U545RET6Q, STM32U545VEI6, STM32U545VEI6Q, STM32U545VET6, STM32U545VET6Q, STM32U595AIH6, STM32U595AIH6Q, STM32U595AJH6, STM32U595AJH6Q, STM32U595QII6, STM32U595QII6Q, STM32U595QJI6, STM32U595QJI6Q, STM32U595RIT6, STM32U595RIT6Q, STM32U595RJT6, STM32U595RJT6Q, STM32U595VIT6, STM32U595VIT6Q, STM32U595VJT6, STM32U595VJT6Q, STM32U595ZIT6, STM32U595ZIT6Q, STM32U595ZIY6QTR, STM32U595ZJT6, STM32U595ZJT6Q, STM32U595ZJY6QTR, STM32U599BJY6QTR, STM32U599NIH6Q, STM32U599NJH6Q, STM32U599VIT6Q, STM32U599VJT6, STM32U599VJT6Q, STM32U599ZIT6Q, STM32U599ZIY6QTR, STM32U599ZJT6Q, STM32U599ZJY6QTR, STM32U5A5AJH6, STM32U5A5AJH6Q, STM32U5A5QJI6, STM32U5A5QJI6Q, STM32U5A5RJT6, STM32U5A5RJT6Q, STM32U5A5VJT6, STM32U5A5VJT6Q, STM32U5A5ZJT6, STM32U5A5ZJT6Q, STM32U5A5ZJY6QTR, STM32U5A9BJY6QTR, STM32U5A9J-DK, STM32U5A9NJH6Q, STM32U5A9VJT6Q, STM32U5A9ZJT6Q, STM32U5A9ZJY6QTR, STM32WB1MMCH6, STM32WBA52CEU6, STM32WBA52CEU6T, STM32WBA52CGU6, STM32WBA52CGU6T, STM32WL5MOCH6, STM32WL5MOCH6TR]
2023-05-07 20:43:16,812 [INFO] BoardInfo:880 - No configuration file found for board P-NUCLEO-WB55
2023-05-07 20:43:16,812 [INFO] DbBoards:157 - Kit is not supported: P-NUCLEO-WB55
2023-05-07 20:43:16,816 [INFO] BoardInfo:880 - No configuration file found for board STEVAL-BFA001V1B
2023-05-07 20:43:16,816 [INFO] DbBoards:157 - Kit is not supported: STEVAL-BFA001V1B
2023-05-07 20:43:16,817 [INFO] BoardInfo:880 - No configuration file found for board STEVAL-BFA001V2B
2023-05-07 20:43:16,817 [INFO] DbBoards:157 - Kit is not supported: STEVAL-BFA001V2B
2023-05-07 20:43:16,912 [INFO] DbBoards:161 - Found 187 boards, 184 are supported
2023-05-07 20:43:16,916 [INFO] ApiDb:423 - Load user favorites file /Users/jiaxuchee/.stm32cubeide/favorites.boards.txt: 1 item(s)
2023-05-07 20:43:16,916 [INFO] ApiDb:427 - User favorites Boards=[STM32F3DISCOVERY]
2023-05-07 20:43:16,916 [INFO] DbBoards:190 - Set 1 / 1 favorites Boards
2023-05-07 20:43:16,919 [INFO] ApiDb:668 - CubeFinder database Data Model version=2.1
2023-05-07 20:43:16,919 [INFO] ApiDb:669 - CubeFinder database Configuration version=3.0.35
2023-05-07 20:43:16,919 [INFO] ApiDb:670 - CubeFinder database generation date=2023-04-03 (1680511692)
2023-05-07 20:43:16,919 [INFO] ApiDb:671 - CubeFinder database FW Pack versions=[FP-ATR-ASTRA1_V2.0.0, STM32Cube_FW_C0_V1.0.1, STM32Cube_FW_F0_V1.11.4, STM32Cube_FW_F3_V1.11.4, STM32Cube_FW_F4_V1.27.1, STM32Cube_FW_F7_V1.17.0, STM32Cube_FW_G0_V1.6.1, STM32Cube_FW_G4_V1.5.1, STM32Cube_FW_H5_V0.5.1, STM32Cube_FW_H5_V1.0.0, STM32Cube_FW_H7_V1.11.0, STM32Cube_FW_L0_V1.12.2, STM32Cube_FW_L5_V1.5.0, STM32Cube_FW_U5_V1.2.0, STM32Cube_FW_WBA_V1.0.0, STM32Cube_FW_WBA_V1.0.0RC1, STM32Cube_FW_WBA_V1.0.0RC3, STM32Cube_FW_WB_V1.15.0RC1, STM32Cube_FW_WB_V1.16.0, STM32Cube_FW_WB_V1.16.0RC2, STM32Cube_FW_WL_V1.3.0, X-CUBE-ALGOBUILD_V1.3.0, X-CUBE-ALS_V1.0.1, X-CUBE-AZRTOS-F4_V1.1.0, X-CUBE-AZRTOS-F7_V1.1.0, X-CUBE-AZRTOS-G0_V1.1.0, X-CUBE-AZRTOS-G4_V1.0.0, X-CUBE-AZRTOS-H7_V3.0.0, X-CUBE-AZRTOS-L4_V1.0.0, X-CUBE-AZRTOS-L5_V1.1.0, X-CUBE-AZRTOS-WB_V1.1.0, X-CUBE-AZRTOS-WL_V1.0.0, X-CUBE-BLE1_V6.2.4, X-CUBE-BLE2_V3.3.0, X-CUBE-BLEMGR_V1.3.0, X-CUBE-EEPRMA1_V4.1.0, X-CUBE-FREERTOS_V1.0.1, X-CUBE-GNSS1_V6.0.0, X-CUBE-MEMS1_V9.1.0, X-CUBE-MEMS1_V9.4.0, X-CUBE-MEMS1_V9.5.0, X-CUBE-NFC4_V3.0.0, X-CUBE-NFC7_V1.0.0, X-CUBE-SFXS2LP1_V4.0.0, X-CUBE-SUBG2_V5.0.0]
2023-05-07 20:43:17,758 [INFO] DbExamplesSqlite:376 - Ignored 46 examples not supported by CubeIDE
2023-05-07 20:43:17,761 [INFO] DbExamplesSqlite:377 - Found 7336 examples active
2023-05-07 20:43:17,762 [INFO] DbExamplesSqlite:378 - Found 1095 examples obsolete
2023-05-07 20:43:17,762 [INFO] DbExamplesSqlite:379 - Found 0 examples under development
2023-05-07 20:43:17,763 [INFO] DbExamplesSqlite:380 - Found 77 examples not building
2023-05-07 20:43:17,768 [INFO] DbExamples:125 - Found 7367 examples
2023-05-07 20:43:17,790 [INFO] DbExamples:222 - Found 92 boards with related examples
2023-05-07 20:43:17,790 [INFO] DbExamples:235 - Found 78 MCUs with related examples
2023-05-07 20:43:17,805 [INFO] ApiDb:423 - Load user favorites file /Users/jiaxuchee/.stm32cubeide/favorites.examples.txt: 0 item(s)
2023-05-07 20:43:17,806 [INFO] ApiDb:427 - User favorites Examples=[]
2023-05-07 20:43:17,806 [INFO] DbExamples:250 - Set 0 / 0 favorites Examples
2023-05-07 20:43:18,082 [INFO] McuFinderGlobals:66 - Set McuFinderConnectedMode to true
2023-05-07 20:43:18,092 [INFO] MultiScanPanel:200 - Auto-refresh data requested => check proxy status ongoing
2023-05-07 20:43:18,094 [INFO] FinderPluginLoader:95 - Searching for filters in installed packs
2023-05-07 20:43:19,181 [INFO] LoadUrlFilesThread:185 - End of LoadServerUrlFiles without Thread
2023-05-07 20:43:19,191 [INFO] DetailPanel:341 - Set advertising image to /Users/jiaxuchee/STM32Cube/Repository//en.prom-stm32h5-mcu-finder.jpg
2023-05-07 20:43:22,718 [INFO] MultiScanPanel:200 - Auto-refresh data requested => check proxy status ongoing
2023-05-07 20:43:22,877 [INFO] LoadUrlFilesThread:185 - End of LoadServerUrlFiles without Thread
2023-05-07 20:43:22,877 [INFO] DetailPanel:341 - Set advertising image to /Users/jiaxuchee/STM32Cube/Repository//en.prom-stm32h5-mcu-finder.jpg
2023-05-07 20:43:50,733 [INFO] McuFinderGlobals:66 - Set McuFinderConnectedMode to true
2023-05-07 20:43:50,752 [INFO] ApiDb:448 - Save user favorites file /Users/jiaxuchee/.stm32cubeide/favorites.mcus.txt: 0 item(s)
2023-05-07 20:43:50,753 [INFO] ApiDb:452 - User favorites MCUs=[]
2023-05-07 20:43:50,762 [INFO] ApiDb:448 - Save user favorites file /Users/jiaxuchee/.stm32cubeide/favorites.boards.txt: 1 item(s)
2023-05-07 20:43:50,763 [INFO] ApiDb:452 - User favorites Boards=[STM32F3DISCOVERY]
2023-05-07 21:50:07,499 [INFO] MainUpdater:2854 - connection check result : 10
2023-05-07 21:50:07,874 [INFO] McuFinderGlobals:66 - Set McuFinderConnectedMode to true
2023-05-07 21:50:07,883 [INFO] MultiScanPanel:200 - Auto-refresh data requested => check proxy status ongoing
2023-05-07 21:50:07,884 [INFO] FinderPluginLoader:95 - Searching for filters in installed packs
2023-05-07 21:50:08,530 [INFO] LoadUrlFilesThread:185 - End of LoadServerUrlFiles without Thread
2023-05-07 21:50:08,530 [INFO] DetailPanel:341 - Set advertising image to /Users/jiaxuchee/STM32Cube/Repository//en.prom-stm32h5-mcu-finder.jpg
2023-05-07 21:50:15,613 [INFO] MultiScanPanel:200 - Auto-refresh data requested => check proxy status ongoing
2023-05-07 21:50:15,771 [INFO] LoadUrlFilesThread:185 - End of LoadServerUrlFiles without Thread
2023-05-07 21:50:15,772 [INFO] DetailPanel:341 - Set advertising image to /Users/jiaxuchee/STM32Cube/Repository//en.prom-stm32h5-mcu-finder.jpg
2023-05-07 21:50:27,828 [INFO] ApiDb:581 - Connected to CubeFinder SQLite database (/Users/jiaxuchee/.stmcufinder/plugins/mcufinder/mcu/cube-finder-db.db)
2023-05-07 21:50:29,625 [INFO] BoardResultTable:719 - Unmark Board STM32F3DISCOVERY as favorite
2023-05-07 21:50:39,756 [INFO] McuFinderGlobals:66 - Set McuFinderConnectedMode to true
2023-05-07 21:50:40,014 [INFO] ApiDb:448 - Save user favorites file /Users/jiaxuchee/.stm32cubeide/favorites.mcus.txt: 0 item(s)
2023-05-07 21:50:40,014 [INFO] ApiDb:452 - User favorites MCUs=[]
2023-05-07 21:50:40,017 [INFO] ApiDb:448 - Save user favorites file /Users/jiaxuchee/.stm32cubeide/favorites.boards.txt: 0 item(s)
2023-05-07 21:50:40,017 [INFO] ApiDb:452 - User favorites Boards=[]
